18:05:26.160 [debug] Child {XPLoggerFileBackend, :general_log} of Supervisor Logger.Backends.Supervisor started
Pid: #PID<0.102.0>
Start Call: Logger.Backends.Watcher.start_link({{XPLoggerFileBackend, :general_log}, {XPLoggerFileBackend, :general_log}})
Restart: :transient
Shutdown: 5000
Type: :worker
18:05:26.160 [info] Child Logger.Backends.Supervisor of Supervisor Logger.Backends.Internal started
Pid: #PID<0.101.0>
Start Call: Logger.Backends.Supervisor.start_link([{XPLoggerFileBackend, :general_log}])
Restart: :permanent
Shutdown: :infinity
Type: :supervisor
18:05:26.160 [info] Child Logger.Backends.Internal of Supervisor Logger.Supervisor started
Pid: #PID<0.97.0>
Start Call: Logger.Backends.Internal.start_link([])
Restart: :permanent
Shutdown: :infinity
Type: :supervisor
18:05:26.160 [info] Application logger started at :nonode@nohost
18:05:26.160 [info] Application xp_mime started at :nonode@nohost
18:05:26.160 [info] Application xp_hpax started at :nonode@nohost
18:05:26.161 [info] Application crypto started at :nonode@nohost
18:05:26.161 [info] Application asn1 started at :nonode@nohost
18:05:26.161 [info] Application public_key started at :nonode@nohost
18:05:26.163 [debug] Child :ssl_handler of Supervisor :logger_sup started
Pid: #PID<0.107.0>
Start Call: :logger_olp.start_link(:logger_std_h_ssl_handler, :logger_h_common, %{id: :ssl_handler, module: :logger_std_h, config: %{type: :standard_io, filesync_repeat_interval: :no_repeat}, level: :debug, filters: [], filter_default: :stop, formatter: {:ssl_logger, %{}}}, %{})
Restart: :temporary
Shutdown: 2000
Type: :worker
18:05:26.167 [info] Child :ssl_pem_cache of Supervisor :ssl_admin_sup started
Pid: #PID<0.111.0>
Start Call: :ssl_pem_cache.start_link([])
Restart: :permanent
Shutdown: 4000
Type: :worker
18:05:26.170 [info] Child :ssl_manager of Supervisor :ssl_admin_sup started
Pid: #PID<0.112.0>
Start Call: :ssl_manager.start_link([])
Restart: :permanent
Shutdown: 4000
Type: :worker
18:05:26.170 [info] Child :tls_client_ticket_store of Supervisor :ssl_admin_sup started
Pid: #PID<0.113.0>
Start Call: :tls_client_ticket_store.start_link(1000, 7200)
Restart: :permanent
Shutdown: 4000
Type: :worker
18:05:26.171 [info] Child :ssl_admin_sup of Supervisor :ssl_sup started
Pid: #PID<0.110.0>
Start Call: :ssl_admin_sup.start_link()
Restart: :permanent
Shutdown: 4000
Type: :supervisor
18:05:26.173 [info] Child :tls_connection_sup of Supervisor :tls_sup started
Pid: #PID<0.116.0>
Start Call: :tls_connection_sup.start_link()
Restart: :permanent
Shutdown: 4000
Type: :supervisor
18:05:26.174 [info] Child :ssl_listen_tracker_sup of Supervisor :tls_server_sup started
Pid: #PID<0.118.0>
Start Call: :ssl_listen_tracker_sup.start_link()
Restart: :permanent
Shutdown: 4000
Type: :supervisor
18:05:26.175 [info] Child :tls_server_session_ticket of Supervisor :tls_server_sup started
Pid: #PID<0.119.0>
Start Call: :tls_server_session_ticket_sup.start_link()
Restart: :permanent
Shutdown: 4000
Type: :supervisor
18:05:26.176 [info] Child :ssl_server_session_cache_sup of Supervisor :tls_server_sup started
Pid: #PID<0.120.0>
Start Call: :ssl_server_session_cache_sup.start_link()
Restart: :permanent
Shutdown: 4000
Type: :supervisor
18:05:26.176 [info] Child :ssl_upgrade_server_session_cache_sup of Supervisor :tls_server_sup started
Pid: #PID<0.121.0>
Start Call: :ssl_upgrade_server_session_cache_sup.start_link()
Restart: :permanent
Shutdown: 4000
Type: :supervisor
18:05:26.176 [info] Child :tls_server_sup of Supervisor :tls_sup started
Pid: #PID<0.117.0>
Start Call: :tls_server_sup.start_link()
Restart: :permanent
Shutdown: 4000
Type: :supervisor
18:05:26.176 [info] Child :tls_sup of Supervisor :ssl_connection_sup started
Pid: #PID<0.115.0>
Start Call: :tls_sup.start_link()
Restart: :permanent
Shutdown: 4000
Type: :supervisor
18:05:26.178 [info] Child :dtls_connection_sup of Supervisor :dtls_sup started
Pid: #PID<0.123.0>
Start Call: :dtls_connection_sup.start_link()
Restart: :permanent
Shutdown: 4000
Type: :supervisor
18:05:26.179 [info] Child :dtls_listener_sup of Supervisor :dtls_server_sup started
Pid: #PID<0.125.0>
Start Call: :dtls_listener_sup.start_link()
Restart: :permanent
Shutdown: 4000
Type: :supervisor
18:05:26.180 [info] Child :dtls_server_session_cache_sup of Supervisor :dtls_server_sup started
Pid: #PID<0.126.0>
Start Call: :dtls_server_session_cache_sup.start_link()
Restart: :permanent
Shutdown: 4000
Type: :supervisor
18:05:26.180 [info] Child :dtls_server_sup of Supervisor :dtls_sup started
Pid: #PID<0.124.0>
Start Call: :dtls_server_sup.start_link()
Restart: :permanent
Shutdown: 4000
Type: :supervisor
18:05:26.180 [info] Child :dtls_sup of Supervisor :ssl_connection_sup started
Pid: #PID<0.122.0>
Start Call: :dtls_sup.start_link()
Restart: :permanent
Shutdown: 4000
Type: :supervisor
18:05:26.180 [info] Child :ssl_connection_sup of Supervisor :ssl_sup started
Pid: #PID<0.114.0>
Start Call: :ssl_connection_sup.start_link()
Restart: :permanent
Shutdown: 4000
Type: :supervisor
18:05:26.180 [info] Application ssl started at :nonode@nohost
18:05:26.181 [info] Application xp_mint started at :nonode@nohost
18:05:26.181 [info] Application xp_nimble_options started at :nonode@nohost
18:05:26.185 [info] Child XPNimblePool.TaskSupervisor of Supervisor #PID<0.132.0> (Supervisor.Default) started
Pid: #PID<0.133.0>
Start Call: Task.Supervisor.start_link([name: XPNimblePool.TaskSupervisor])
Restart: :permanent
Shutdown: :infinity
Type: :supervisor
18:05:26.185 [info] Application xp_nimble_pool started at :nonode@nohost
18:05:26.188 [info] Child :telemetry_handler_table of Supervisor :telemetry_sup started
Pid: #PID<0.137.0>
Start Call: :telemetry_handler_table.start_link()
Restart: :permanent
Shutdown: 5000
Type: :worker
18:05:26.188 [info] Application xp_telemetry started at :nonode@nohost
18:05:26.188 [info] Application xp_finch started at :nonode@nohost
18:05:26.208 [info] Child XPReq.Finch.PIDPartition0 of Supervisor XPReq.Finch started
Pid: #PID<0.143.0>
Start Call: Registry.Partition.start_link(XPReq.Finch.PIDPartition0, {:duplicate, XPReq.Finch, 0, 1, XPReq.Finch.KeyPartition0, XPReq.Finch.PIDPartition0, [], false})
Restart: :permanent
Shutdown: 5000
Type: :worker
18:05:26.208 [info] Child XPReq.Finch of Supervisor XPReq.Finch.Supervisor started
Pid: #PID<0.142.0>
Start Call: Registry.start_link([keys: :duplicate, name: XPReq.Finch, meta: [config: %{pools: %{}, registry_name: XPReq.Finch, supervisor_name: XPReq.Finch.PoolSupervisor, manager_name: XPReq.Finch.PoolManager, default_pool_config: %{count: 1, size: 50, mod: XPFinch.HTTP1.Pool, conn_opts: [protocols: [:http1], transport_opts: [keepalive: true, nodelay: true, timeout: 5000], ssl_key_log_file_device: nil], pool_max_idle_time: :infinity, conn_max_idle_time: :infinity, start_pool_metrics?: false}}]])
Restart: :permanent
Shutdown: :infinity
Type: :supervisor
18:05:26.208 [info] Child XPReq.Finch.PoolSupervisor of Supervisor XPReq.Finch.Supervisor started
Pid: #PID<0.144.0>
Start Call: DynamicSupervisor.start_link([name: XPReq.Finch.PoolSupervisor, strategy: :one_for_one])
Restart: :permanent
Shutdown: :infinity
Type: :supervisor
18:05:26.208 [info] Child XPFinch.PoolManager of Supervisor XPReq.Finch.Supervisor started
Pid: #PID<0.145.0>
Start Call: XPFinch.PoolManager.start_link(%{pools: %{}, registry_name: XPReq.Finch, supervisor_name: XPReq.Finch.PoolSupervisor, manager_name: XPReq.Finch.PoolManager, default_pool_config: %{count: 1, size: 50, mod: XPFinch.HTTP1.Pool, conn_opts: [protocols: [:http1], transport_opts: [keepalive: true, nodelay: true, timeout: 5000], ssl_key_log_file_device: nil], pool_max_idle_time: :infinity, conn_max_idle_time: :infinity, start_pool_metrics?: false}})
Restart: :permanent
Shutdown: 5000
Type: :worker
18:05:26.208 [info] Child XPReq.Finch of Supervisor #PID<0.140.0> (Supervisor.Default) started
Pid: #PID<0.141.0>
Start Call: XPFinch.start_link([name: XPReq.Finch, pools: %{default: [protocols: [:http1]]}])
Restart: :permanent
Shutdown: 5000
Type: :worker
18:05:26.208 [info] Child XPReq.FinchSupervisor of Supervisor #PID<0.140.0> (Supervisor.Default) started
Pid: #PID<0.146.0>
Start Call: DynamicSupervisor.start_link([strategy: :one_for_one, name: XPReq.FinchSupervisor])
Restart: :permanent
Shutdown: :infinity
Type: :supervisor
18:05:26.208 [info] Child XPReq.Test.Ownership of Supervisor #PID<0.140.0> (Supervisor.Default) started
Pid: #PID<0.147.0>
Start Call: XPReq.Test.Ownership.start_link([name: XPReq.Test.Ownership])
Restart: :permanent
Shutdown: 5000
Type: :worker
18:05:26.208 [info] Application xp_req started at :nonode@nohost
18:05:26.208 [info] Application burrito started at :nonode@nohost
18:05:26.208 [info] Application erts started at :nonode@nohost
18:05:26.208 [info] Application xp_schematic started at :nonode@nohost
18:05:26.208 [info] Application xp_typed_struct started at :nonode@nohost
18:05:26.208 [info] Application xp_gen_lsp started at :nonode@nohost
18:05:26.219 [info] Child XPSnowflake.Generator of Supervisor #PID<0.150.0> (Supervisor.Default) started
Pid: #PID<0.151.0>
Start Call: XPSnowflake.Generator.start_link(0, 1023)
Restart: :permanent
Shutdown: 5000
Type: :worker
18:05:26.219 [info] Application xp_snowflake started at :nonode@nohost
18:05:26.219 [info] Application xp_sourceror started at :nonode@nohost
18:05:26.219 [info] Application xp_forge started at :nonode@nohost
18:05:26.219 [info] Application xp_logger_file_backend started at :nonode@nohost
18:05:26.224 [info] Child :ttb_autostart of Supervisor :runtime_tools_sup started
Pid: #PID<0.155.0>
Start Call: :ttb_autostart.start_link()
Restart: :temporary
Shutdown: 3000
Type: :worker
18:05:26.224 [info] Application runtime_tools started at :nonode@nohost
18:05:26.224 [info] Application et started at :nonode@nohost
18:05:26.224 [info] Application observer started at :nonode@nohost
18:05:26.224 [info] Application xp_path_glob started at :nonode@nohost
18:05:26.232 [info] Child XPForge.Document.Store of Supervisor XPExpert.Supervisor started
Pid: #PID<0.159.0>
Start Call: XPForge.Document.Store.start_link([derive: [analysis: &XPForge.Ast.analyze/1]])
Restart: :permanent
Shutdown: 5000
Type: :worker
18:05:26.233 [info] Child XPExpert.ProjectSupervisor of Supervisor XPExpert.Supervisor started
Pid: #PID<0.160.0>
Start Call: DynamicSupervisor.start_link([name: XPExpert.ProjectSupervisor, strategy: :one_for_one])
Restart: :permanent
Shutdown: :infinity
Type: :supervisor
18:05:26.233 [info] Child XPExpert.DynamicSupervisor of Supervisor XPExpert.Supervisor started
Pid: #PID<0.161.0>
Start Call: DynamicSupervisor.start_link([name: XPExpert.DynamicSupervisor])
Restart: :permanent
Shutdown: :infinity
Type: :supervisor
18:05:26.235 [info] Child XPGenLSP.Assigns of Supervisor XPExpert.Supervisor started
Pid: #PID<0.162.0>
Start Call: XPGenLSP.Assigns.start_link([name: XPExpert.Assigns])
Restart: :permanent
Shutdown: 5000
Type: :worker
18:05:26.235 [info] Child :expert_task_queue of Supervisor XPExpert.Supervisor started
Pid: #PID<0.163.0>
Start Call: Task.Supervisor.start_link([name: :expert_task_queue])
Restart: :permanent
Shutdown: :infinity
Type: :supervisor
18:05:26.236 [info] Child XPGenLSP.Buffer of Supervisor XPExpert.Supervisor started
Pid: #PID<0.164.0>
Start Call: XPGenLSP.Buffer.start_link([name: XPExpert.Buffer])
Restart: :permanent
Shutdown: 5000
Type: :worker
18:05:26.236 [debug] [name: XPExpert, buffer: XPExpert.Buffer, task_supervisor: :expert_task_queue, dynamic_supervisor: XPExpert.DynamicSupervisor, assigns: XPExpert.Assigns]
18:05:26.241 [info] Child XPExpert of Supervisor XPExpert.Supervisor started
Pid: #PID<0.165.0>
Start Call: XPExpert.start_link([name: XPExpert, buffer: XPExpert.Buffer, task_supervisor: :expert_task_queue, dynamic_supervisor: XPExpert.DynamicSupervisor, assigns: XPExpert.Assigns])
Restart: :permanent
Shutdown: 500
Type: :worker
18:05:26.242 [info] Application xp_expert started at :nonode@nohost
18:05:26.326 [info] Starting project at uri file:///Users/jef/dev/perfecting/joint
18:05:26.340 [info] Child {XPExpert.Project.Progress, "joint"} of Supervisor :"joint::supervisor" started
Pid: #PID<0.170.0>
Start Call: XPExpert.Project.Progress.start_link(%XPForge.Project{root_uri: "file:///Users/jef/dev/perfecting/joint", mix_exs_uri: "file:///Users/jef/dev/perfecting/joint/mix.exs", mix_project?: true, mix_env: nil, mix_target: nil, env_variables: %{}, project_module: nil, entropy: 62978})
Restart: :permanent
Shutdown: 5000
Type: :worker
18:05:26.342 [info] Child {XPExpert.EngineSupervisor, "joint"} of Supervisor :"joint::supervisor" started
Pid: #PID<0.171.0>
Start Call: XPExpert.EngineSupervisor.start_link(%XPForge.Project{root_uri: "file:///Users/jef/dev/perfecting/joint", mix_exs_uri: "file:///Users/jef/dev/perfecting/joint/mix.exs", mix_project?: true, mix_env: nil, mix_target: nil, env_variables: %{}, project_module: nil, entropy: 62978})
Restart: :permanent
Shutdown: 5000
Type: :worker
18:05:26.347 [debug] sent request server -> client window/workDoneProgress/create
18:05:26.357 [info] Child :erl_epmd of Supervisor :net_sup started
Pid: #PID<0.174.0>
Start Call: :erl_epmd.start_link()
Restart: :permanent
Shutdown: 2000
Type: :worker
18:05:26.359 [info] Child :auth of Supervisor :net_sup started
Pid: #PID<0.175.0>
Start Call: :auth.start_link()
Restart: :permanent
Shutdown: 2000
Type: :worker
18:05:26.362 [info] Child :net_kernel of Supervisor :net_sup started
Pid: #PID<0.176.0>
Start Call: :net_kernel.start_link(%{name: :"manager-joint-62978@127.0.0.1", supervisor: :net_sup_dynamic, name_domain: :longnames, clean_halt: false})
Restart: :permanent
Shutdown: 2000
Type: :worker
18:05:26.362 [debug] Child :net_sup_dynamic of Supervisor :kernel_sup started
Pid: #PID<0.173.0>
Start Call: :erl_distribution.start_link(%{name: :"manager-joint-62978@127.0.0.1", supervisor: :net_sup_dynamic, name_domain: :longnames, clean_halt: false})
Restart: :permanent
Shutdown: 1000
Type: :supervisor
18:05:26.364 [debug] sent notification server -> client $/progress
18:05:26.421 [debug] handled request client -> server initialize in 169ms
18:05:26.426 [debug] sent request server -> client client/registerCapability
18:05:26.449 [debug] handled notification client -> server workspace/didChangeConfiguration in 16ms
18:05:26.450 [debug] handled notification client -> server initialized in 28ms
18:05:26.452 [info] ################### opened file:///Users/jef/dev/perfecting/joint/lib/web/stable.ex
18:05:26.452 [debug] handled notification client -> server textDocument/didOpen in 5ms
18:05:26.452 [info] ################### opened file:///Users/jef/dev/perfecting/joint/test/like_query_test.exs
18:05:26.452 [info] ################### opened file:///Users/jef/dev/perfecting/joint/lib/like_query.ex
18:05:26.452 [info] ################### opened file:///Users/jef/dev/perfecting/joint/lib/web/formatters.ex
18:05:26.452 [debug] handled notification client -> server textDocument/didOpen in 14ms
18:05:26.452 [debug] handled notification client -> server textDocument/didOpen in 11ms
18:05:26.452 [debug] handled notification client -> server textDocument/didOpen in 13ms
18:05:26.452 [info] ################### opened file:///Users/jef/dev/perfecting/joint/mix.exs
18:05:26.452 [debug] handled notification client -> server textDocument/didOpen in 15ms
18:05:26.452 [info] ################### opened file:///Users/jef/dev/perfecting/joint/lib/query_params.ex
18:05:26.452 [debug] handled notification client -> server textDocument/didOpen in 15ms
18:05:26.452 [info] ################### opened file:///Users/jef/dev/perfecting/joint/lib/aliased_select.ex
18:05:26.452 [info] ################### opened file:///Users/jef/dev/perfecting/joint/lib/query_builder.ex
18:05:26.452 [debug] handled notification client -> server textDocument/didOpen in 17ms
18:05:26.452 [debug] handled notification client -> server textDocument/didOpen in 18ms
18:05:26.452 [info] ################### opened file:///Users/jef/dev/perfecting/joint/priv/repo/migrations/20250712175551_add_order_tables.exs
18:05:26.452 [debug] handled notification client -> server textDocument/didOpen in 17ms
18:05:26.453 [info] ################### opened file:///Users/jef/dev/perfecting/joint/lib/web/table.ex
18:05:26.453 [info] ################### opened file:///Users/jef/dev/perfecting/joint/lib/association_graph_builder.ex
18:05:26.453 [debug] handled notification client -> server textDocument/didOpen in 17ms
18:05:26.453 [debug] handled notification client -> server textDocument/didOpen in 10ms
18:05:26.453 [info] ################### opened file:///Users/jef/dev/perfecting/joint/lib/web/table_component.ex
18:05:26.453 [info] ################### opened file:///Users/jef/dev/perfecting/joint/deps/inflex/lib/inflex/pluralize.ex
18:05:26.453 [info] ################### opened file:///Users/jef/dev/perfecting/joint/lib/resource_query.ex
18:05:26.453 [info] ################### opened file:///Users/jef/dev/perfecting/joint/lib/graph.ex
18:05:26.464 [debug] handled notification client -> server textDocument/didOpen in 14ms
18:05:26.465 [debug] handled notification client -> server textDocument/didOpen in 17ms
18:05:26.465 [debug] handled notification client -> server textDocument/didOpen in 21ms
18:05:26.466 [debug] handled notification client -> server textDocument/didOpen in 19ms
18:05:26.567 [debug] sent notification server -> client window/logMessage
18:05:26.569 [debug] sent request server -> client window/workDoneProgress/create
18:05:26.579 [debug] sent notification server -> client $/progress
18:05:48.566 [debug] sent notification server -> client window/logMessage
18:05:48.566 [info] Shutting down
18:05:48.567 [error] ** (XPGenLSP.InvalidResponse) Invalid response for request shutdown.

Response: {:ok, nil}
Errors: "expected either null or a %XPGenLSP.ErrorResponse{}"

18:05:48.568 [debug] handled request client -> server shutdown in 8ms
18:06:21.722 [debug] Child {XPLoggerFileBackend, :general_log} of Supervisor Logger.Backends.Supervisor started
Pid: #PID<0.102.0>
Start Call: Logger.Backends.Watcher.start_link({{XPLoggerFileBackend, :general_log}, {XPLoggerFileBackend, :general_log}})
Restart: :transient
Shutdown: 5000
Type: :worker
18:06:21.722 [info] Child Logger.Backends.Supervisor of Supervisor Logger.Backends.Internal started
Pid: #PID<0.101.0>
Start Call: Logger.Backends.Supervisor.start_link([{XPLoggerFileBackend, :general_log}])
Restart: :permanent
Shutdown: :infinity
Type: :supervisor
18:06:21.722 [info] Child Logger.Backends.Internal of Supervisor Logger.Supervisor started
Pid: #PID<0.97.0>
Start Call: Logger.Backends.Internal.start_link([])
Restart: :permanent
Shutdown: :infinity
Type: :supervisor
18:06:21.722 [info] Application logger started at :nonode@nohost
18:06:21.722 [info] Application xp_mime started at :nonode@nohost
18:06:21.722 [info] Application xp_hpax started at :nonode@nohost
18:06:21.722 [info] Application crypto started at :nonode@nohost
18:06:21.722 [info] Application asn1 started at :nonode@nohost
18:06:21.722 [info] Application public_key started at :nonode@nohost
18:06:21.724 [debug] Child :ssl_handler of Supervisor :logger_sup started
Pid: #PID<0.107.0>
Start Call: :logger_olp.start_link(:logger_std_h_ssl_handler, :logger_h_common, %{id: :ssl_handler, module: :logger_std_h, config: %{type: :standard_io, filesync_repeat_interval: :no_repeat}, level: :debug, filters: [], formatter: {:ssl_logger, %{}}, filter_default: :stop}, %{})
Restart: :temporary
Shutdown: 2000
Type: :worker
18:06:21.727 [info] Child :ssl_pem_cache of Supervisor :ssl_admin_sup started
Pid: #PID<0.111.0>
Start Call: :ssl_pem_cache.start_link([])
Restart: :permanent
Shutdown: 4000
Type: :worker
18:06:21.729 [info] Child :ssl_manager of Supervisor :ssl_admin_sup started
Pid: #PID<0.112.0>
Start Call: :ssl_manager.start_link([])
Restart: :permanent
Shutdown: 4000
Type: :worker
18:06:21.730 [info] Child :tls_client_ticket_store of Supervisor :ssl_admin_sup started
Pid: #PID<0.113.0>
Start Call: :tls_client_ticket_store.start_link(1000, 7200)
Restart: :permanent
Shutdown: 4000
Type: :worker
18:06:21.730 [info] Child :ssl_admin_sup of Supervisor :ssl_sup started
Pid: #PID<0.110.0>
Start Call: :ssl_admin_sup.start_link()
Restart: :permanent
Shutdown: 4000
Type: :supervisor
18:06:21.731 [info] Child :tls_connection_sup of Supervisor :tls_sup started
Pid: #PID<0.116.0>
Start Call: :tls_connection_sup.start_link()
Restart: :permanent
Shutdown: 4000
Type: :supervisor
18:06:21.732 [info] Child :ssl_listen_tracker_sup of Supervisor :tls_server_sup started
Pid: #PID<0.118.0>
Start Call: :ssl_listen_tracker_sup.start_link()
Restart: :permanent
Shutdown: 4000
Type: :supervisor
18:06:21.733 [info] Child :tls_server_session_ticket of Supervisor :tls_server_sup started
Pid: #PID<0.119.0>
Start Call: :tls_server_session_ticket_sup.start_link()
Restart: :permanent
Shutdown: 4000
Type: :supervisor
18:06:21.734 [info] Child :ssl_server_session_cache_sup of Supervisor :tls_server_sup started
Pid: #PID<0.120.0>
Start Call: :ssl_server_session_cache_sup.start_link()
Restart: :permanent
Shutdown: 4000
Type: :supervisor
18:06:21.734 [info] Child :ssl_upgrade_server_session_cache_sup of Supervisor :tls_server_sup started
Pid: #PID<0.121.0>
Start Call: :ssl_upgrade_server_session_cache_sup.start_link()
Restart: :permanent
Shutdown: 4000
Type: :supervisor
18:06:21.734 [info] Child :tls_server_sup of Supervisor :tls_sup started
Pid: #PID<0.117.0>
Start Call: :tls_server_sup.start_link()
Restart: :permanent
Shutdown: 4000
Type: :supervisor
18:06:21.734 [info] Child :tls_sup of Supervisor :ssl_connection_sup started
Pid: #PID<0.115.0>
Start Call: :tls_sup.start_link()
Restart: :permanent
Shutdown: 4000
Type: :supervisor
18:06:21.735 [info] Child :dtls_connection_sup of Supervisor :dtls_sup started
Pid: #PID<0.123.0>
Start Call: :dtls_connection_sup.start_link()
Restart: :permanent
Shutdown: 4000
Type: :supervisor
18:06:21.736 [info] Child :dtls_listener_sup of Supervisor :dtls_server_sup started
Pid: #PID<0.125.0>
Start Call: :dtls_listener_sup.start_link()
Restart: :permanent
Shutdown: 4000
Type: :supervisor
18:06:21.737 [info] Child :dtls_server_session_cache_sup of Supervisor :dtls_server_sup started
Pid: #PID<0.126.0>
Start Call: :dtls_server_session_cache_sup.start_link()
Restart: :permanent
Shutdown: 4000
Type: :supervisor
18:06:21.737 [info] Child :dtls_server_sup of Supervisor :dtls_sup started
Pid: #PID<0.124.0>
Start Call: :dtls_server_sup.start_link()
Restart: :permanent
Shutdown: 4000
Type: :supervisor
18:06:21.737 [info] Child :dtls_sup of Supervisor :ssl_connection_sup started
Pid: #PID<0.122.0>
Start Call: :dtls_sup.start_link()
Restart: :permanent
Shutdown: 4000
Type: :supervisor
18:06:21.737 [info] Child :ssl_connection_sup of Supervisor :ssl_sup started
Pid: #PID<0.114.0>
Start Call: :ssl_connection_sup.start_link()
Restart: :permanent
Shutdown: 4000
Type: :supervisor
18:06:21.737 [info] Application ssl started at :nonode@nohost
18:06:21.738 [info] Application xp_mint started at :nonode@nohost
18:06:21.738 [info] Application xp_nimble_options started at :nonode@nohost
18:06:21.740 [info] Child XPNimblePool.TaskSupervisor of Supervisor #PID<0.132.0> (Supervisor.Default) started
Pid: #PID<0.133.0>
Start Call: Task.Supervisor.start_link([name: XPNimblePool.TaskSupervisor])
Restart: :permanent
Shutdown: :infinity
Type: :supervisor
18:06:21.740 [info] Application xp_nimble_pool started at :nonode@nohost
18:06:21.741 [info] Child :telemetry_handler_table of Supervisor :telemetry_sup started
Pid: #PID<0.137.0>
Start Call: :telemetry_handler_table.start_link()
Restart: :permanent
Shutdown: 5000
Type: :worker
18:06:21.741 [info] Application xp_telemetry started at :nonode@nohost
18:06:21.741 [info] Application xp_finch started at :nonode@nohost
18:06:21.755 [info] Child XPReq.Finch.PIDPartition0 of Supervisor XPReq.Finch started
Pid: #PID<0.143.0>
Start Call: Registry.Partition.start_link(XPReq.Finch.PIDPartition0, {:duplicate, XPReq.Finch, 0, 1, XPReq.Finch.KeyPartition0, XPReq.Finch.PIDPartition0, [], false})
Restart: :permanent
Shutdown: 5000
Type: :worker
18:06:21.755 [info] Child XPReq.Finch of Supervisor XPReq.Finch.Supervisor started
Pid: #PID<0.142.0>
Start Call: Registry.start_link([keys: :duplicate, name: XPReq.Finch, meta: [config: %{pools: %{}, registry_name: XPReq.Finch, supervisor_name: XPReq.Finch.PoolSupervisor, manager_name: XPReq.Finch.PoolManager, default_pool_config: %{count: 1, size: 50, mod: XPFinch.HTTP1.Pool, conn_opts: [protocols: [:http1], transport_opts: [keepalive: true, nodelay: true, timeout: 5000], ssl_key_log_file_device: nil], pool_max_idle_time: :infinity, conn_max_idle_time: :infinity, start_pool_metrics?: false}}]])
Restart: :permanent
Shutdown: :infinity
Type: :supervisor
18:06:21.755 [info] Child XPReq.Finch.PoolSupervisor of Supervisor XPReq.Finch.Supervisor started
Pid: #PID<0.144.0>
Start Call: DynamicSupervisor.start_link([name: XPReq.Finch.PoolSupervisor, strategy: :one_for_one])
Restart: :permanent
Shutdown: :infinity
Type: :supervisor
18:06:21.755 [info] Child XPFinch.PoolManager of Supervisor XPReq.Finch.Supervisor started
Pid: #PID<0.145.0>
Start Call: XPFinch.PoolManager.start_link(%{pools: %{}, registry_name: XPReq.Finch, supervisor_name: XPReq.Finch.PoolSupervisor, manager_name: XPReq.Finch.PoolManager, default_pool_config: %{count: 1, size: 50, mod: XPFinch.HTTP1.Pool, conn_opts: [protocols: [:http1], transport_opts: [keepalive: true, nodelay: true, timeout: 5000], ssl_key_log_file_device: nil], pool_max_idle_time: :infinity, conn_max_idle_time: :infinity, start_pool_metrics?: false}})
Restart: :permanent
Shutdown: 5000
Type: :worker
18:06:21.755 [info] Child XPReq.Finch of Supervisor #PID<0.140.0> (Supervisor.Default) started
Pid: #PID<0.141.0>
Start Call: XPFinch.start_link([name: XPReq.Finch, pools: %{default: [protocols: [:http1]]}])
Restart: :permanent
Shutdown: 5000
Type: :worker
18:06:21.755 [info] Child XPReq.FinchSupervisor of Supervisor #PID<0.140.0> (Supervisor.Default) started
Pid: #PID<0.146.0>
Start Call: DynamicSupervisor.start_link([strategy: :one_for_one, name: XPReq.FinchSupervisor])
Restart: :permanent
Shutdown: :infinity
Type: :supervisor
18:06:21.755 [info] Child XPReq.Test.Ownership of Supervisor #PID<0.140.0> (Supervisor.Default) started
Pid: #PID<0.147.0>
Start Call: XPReq.Test.Ownership.start_link([name: XPReq.Test.Ownership])
Restart: :permanent
Shutdown: 5000
Type: :worker
18:06:21.755 [info] Application xp_req started at :nonode@nohost
18:06:21.755 [info] Application burrito started at :nonode@nohost
18:06:21.755 [info] Application erts started at :nonode@nohost
18:06:21.755 [info] Application xp_schematic started at :nonode@nohost
18:06:21.755 [info] Application xp_typed_struct started at :nonode@nohost
18:06:21.755 [info] Application xp_gen_lsp started at :nonode@nohost
18:06:21.762 [info] Child XPSnowflake.Generator of Supervisor #PID<0.150.0> (Supervisor.Default) started
Pid: #PID<0.151.0>
Start Call: XPSnowflake.Generator.start_link(0, 1023)
Restart: :permanent
Shutdown: 5000
Type: :worker
18:06:21.762 [info] Application xp_snowflake started at :nonode@nohost
18:06:21.762 [info] Application xp_sourceror started at :nonode@nohost
18:06:21.762 [info] Application xp_forge started at :nonode@nohost
18:06:21.762 [info] Application xp_logger_file_backend started at :nonode@nohost
18:06:21.765 [info] Child :ttb_autostart of Supervisor :runtime_tools_sup started
Pid: #PID<0.155.0>
Start Call: :ttb_autostart.start_link()
Restart: :temporary
Shutdown: 3000
Type: :worker
18:06:21.765 [info] Application runtime_tools started at :nonode@nohost
18:06:21.765 [info] Application et started at :nonode@nohost
18:06:21.765 [info] Application observer started at :nonode@nohost
18:06:21.765 [info] Application xp_path_glob started at :nonode@nohost
18:06:21.771 [info] Child XPForge.Document.Store of Supervisor XPExpert.Supervisor started
Pid: #PID<0.159.0>
Start Call: XPForge.Document.Store.start_link([derive: [analysis: &XPForge.Ast.analyze/1]])
Restart: :permanent
Shutdown: 5000
Type: :worker
18:06:21.771 [info] Child XPExpert.ProjectSupervisor of Supervisor XPExpert.Supervisor started
Pid: #PID<0.160.0>
Start Call: DynamicSupervisor.start_link([name: XPExpert.ProjectSupervisor, strategy: :one_for_one])
Restart: :permanent
Shutdown: :infinity
Type: :supervisor
18:06:21.772 [info] Child XPExpert.DynamicSupervisor of Supervisor XPExpert.Supervisor started
Pid: #PID<0.161.0>
Start Call: DynamicSupervisor.start_link([name: XPExpert.DynamicSupervisor])
Restart: :permanent
Shutdown: :infinity
Type: :supervisor
18:06:21.773 [info] Child XPGenLSP.Assigns of Supervisor XPExpert.Supervisor started
Pid: #PID<0.162.0>
Start Call: XPGenLSP.Assigns.start_link([name: XPExpert.Assigns])
Restart: :permanent
Shutdown: 5000
Type: :worker
18:06:21.773 [info] Child :expert_task_queue of Supervisor XPExpert.Supervisor started
Pid: #PID<0.163.0>
Start Call: Task.Supervisor.start_link([name: :expert_task_queue])
Restart: :permanent
Shutdown: :infinity
Type: :supervisor
18:06:21.774 [info] Child XPGenLSP.Buffer of Supervisor XPExpert.Supervisor started
Pid: #PID<0.164.0>
Start Call: XPGenLSP.Buffer.start_link([name: XPExpert.Buffer])
Restart: :permanent
Shutdown: 5000
Type: :worker
18:06:21.774 [debug] [name: XPExpert, buffer: XPExpert.Buffer, task_supervisor: :expert_task_queue, dynamic_supervisor: XPExpert.DynamicSupervisor, assigns: XPExpert.Assigns]
18:06:21.777 [info] Child XPExpert of Supervisor XPExpert.Supervisor started
Pid: #PID<0.165.0>
Start Call: XPExpert.start_link([name: XPExpert, buffer: XPExpert.Buffer, task_supervisor: :expert_task_queue, dynamic_supervisor: XPExpert.DynamicSupervisor, assigns: XPExpert.Assigns])
Restart: :permanent
Shutdown: 500
Type: :worker
18:06:21.777 [info] Application xp_expert started at :nonode@nohost
18:06:21.839 [info] Starting project at uri file:///Users/jef/dev/perfecting/joint
18:06:21.848 [info] Child {XPExpert.Project.Progress, "joint"} of Supervisor :"joint::supervisor" started
Pid: #PID<0.170.0>
Start Call: XPExpert.Project.Progress.start_link(%XPForge.Project{root_uri: "file:///Users/jef/dev/perfecting/joint", mix_exs_uri: "file:///Users/jef/dev/perfecting/joint/mix.exs", mix_project?: true, mix_env: nil, mix_target: nil, env_variables: %{}, project_module: nil, entropy: 44353})
Restart: :permanent
Shutdown: 5000
Type: :worker
18:06:21.849 [info] Child {XPExpert.EngineSupervisor, "joint"} of Supervisor :"joint::supervisor" started
Pid: #PID<0.171.0>
Start Call: XPExpert.EngineSupervisor.start_link(%XPForge.Project{root_uri: "file:///Users/jef/dev/perfecting/joint", mix_exs_uri: "file:///Users/jef/dev/perfecting/joint/mix.exs", mix_project?: true, mix_env: nil, mix_target: nil, env_variables: %{}, project_module: nil, entropy: 44353})
Restart: :permanent
Shutdown: 5000
Type: :worker
18:06:21.854 [debug] sent request server -> client window/workDoneProgress/create
18:06:21.862 [debug] sent notification server -> client $/progress
18:06:21.862 [info] Child :erl_epmd of Supervisor :net_sup started
Pid: #PID<0.174.0>
Start Call: :erl_epmd.start_link()
Restart: :permanent
Shutdown: 2000
Type: :worker
18:06:21.864 [info] Child :auth of Supervisor :net_sup started
Pid: #PID<0.175.0>
Start Call: :auth.start_link()
Restart: :permanent
Shutdown: 2000
Type: :worker
18:06:21.868 [info] Child :net_kernel of Supervisor :net_sup started
Pid: #PID<0.176.0>
Start Call: :net_kernel.start_link(%{name: :"manager-joint-44353@127.0.0.1", supervisor: :net_sup_dynamic, name_domain: :longnames, clean_halt: false})
Restart: :permanent
Shutdown: 2000
Type: :worker
18:06:21.868 [debug] Child :net_sup_dynamic of Supervisor :kernel_sup started
Pid: #PID<0.173.0>
Start Call: :erl_distribution.start_link(%{name: :"manager-joint-44353@127.0.0.1", supervisor: :net_sup_dynamic, name_domain: :longnames, clean_halt: false})
Restart: :permanent
Shutdown: 1000
Type: :supervisor
18:06:21.909 [debug] handled request client -> server initialize in 125ms
18:06:21.919 [debug] sent request server -> client client/registerCapability
18:06:21.925 [debug] handled notification client -> server workspace/didChangeConfiguration in 15ms
18:06:21.931 [info] ################### opened file:///Users/jef/dev/perfecting/joint/lib/aliased_select.ex
18:06:21.931 [info] ################### opened file:///Users/jef/dev/perfecting/joint/lib/resource_query.ex
18:06:21.931 [debug] handled notification client -> server textDocument/didOpen in 20ms
18:06:21.931 [debug] handled notification client -> server textDocument/didOpen in 12ms
18:06:21.931 [info] ################### opened file:///Users/jef/dev/perfecting/joint/deps/inflex/lib/inflex/pluralize.ex
18:06:21.931 [debug] handled notification client -> server textDocument/didOpen in 11ms
18:06:21.932 [info] ################### opened file:///Users/jef/dev/perfecting/joint/test/like_query_test.exs
18:06:21.932 [info] ################### opened file:///Users/jef/dev/perfecting/joint/lib/graph.ex
18:06:21.932 [info] ################### opened file:///Users/jef/dev/perfecting/joint/lib/association_graph_builder.ex
18:06:21.932 [info] ################### opened file:///Users/jef/dev/perfecting/joint/lib/web/table_component.ex
18:06:21.932 [debug] handled notification client -> server textDocument/didOpen in 15ms
18:06:21.932 [debug] handled notification client -> server textDocument/didOpen in 12ms
18:06:21.932 [debug] handled notification client -> server textDocument/didOpen in 13ms
18:06:21.932 [debug] handled notification client -> server textDocument/didOpen in 11ms
18:06:21.932 [info] ################### opened file:///Users/jef/dev/perfecting/joint/mix.exs
18:06:21.932 [info] ################### opened file:///Users/jef/dev/perfecting/joint/lib/query_builder.ex
18:06:21.932 [info] ################### opened file:///Users/jef/dev/perfecting/joint/lib/web/stable.ex
18:06:21.932 [info] ################### opened file:///Users/jef/dev/perfecting/joint/lib/web/formatters.ex
18:06:21.932 [debug] handled notification client -> server textDocument/didOpen in 12ms
18:06:21.932 [debug] handled notification client -> server textDocument/didOpen in 16ms
18:06:21.932 [debug] handled notification client -> server textDocument/didOpen in 17ms
18:06:21.932 [debug] handled notification client -> server textDocument/didOpen in 15ms
18:06:21.932 [info] ################### opened file:///Users/jef/dev/perfecting/joint/lib/like_query.ex
18:06:21.932 [info] ################### opened file:///Users/jef/dev/perfecting/joint/lib/query_params.ex
18:06:21.932 [info] ################### opened file:///Users/jef/dev/perfecting/joint/lib/web/table.ex
18:06:21.932 [info] ################### opened file:///Users/jef/dev/perfecting/joint/priv/repo/migrations/20250712175551_add_order_tables.exs
18:06:21.942 [debug] handled notification client -> server textDocument/didOpen in 24ms
18:06:21.942 [debug] handled notification client -> server textDocument/didOpen in 26ms
18:06:21.943 [debug] handled notification client -> server textDocument/didOpen in 28ms
18:06:21.943 [debug] handled notification client -> server textDocument/didOpen in 28ms
18:06:21.944 [debug] handled notification client -> server initialized in 33ms
18:06:22.041 [debug] sent notification server -> client window/logMessage
18:06:22.042 [debug] sent request server -> client window/workDoneProgress/create
18:06:22.042 [debug] sent notification server -> client $/progress
18:06:26.037 [info] Engine build available at: /Users/jef/Library/Application Support/Expert/0.1.0-70f34f0/ex-1.19.0-rc.0-erl-16.0.1/pOwUhPKC6wiDMSLWvF_GYg/_build/dev_ns
18:06:26.042 [debug] sent notification server -> client $/progress
18:06:26.514 [debug] sent notification server -> client $/progress
18:06:26.514 [error] Process #PID<0.172.0> terminating
** (exit) {:badrpc, {:EXIT, {:undef, [{XPForge.Document.Store, :set_entropy, [2563], []}, {XPEngine.Bootstrap, :init, 3, [file: ~c"lib/engine/bootstrap.ex", line: 15]}]}}}
    (stdlib 6.2.2.1) gen_server.erl:2210: :gen_server.init_it/6
    (stdlib 6.2.2.1) proc_lib.erl:329: :proc_lib.init_p_do_apply/3
Initial Call: XPExpert.Project.Node.init/1
Ancestors: [:"joint::supervisor", XPExpert.ProjectSupervisor, XPExpert.Supervisor, #PID<0.157.0>]
Message Queue Length: 0
Messages: []
Links: [#PID<0.169.0>]
Dictionary: []
Trapping Exits: false
Status: :running
Heap Size: 10958
Stack Size: 29
Reductions: 245952
18:06:26.514 [error] Child {XPExpert.Project.Node, "joint"} of Supervisor :"joint::supervisor" failed to start
** (exit) {:badrpc, {:EXIT, {:undef, [{XPForge.Document.Store, :set_entropy, [2563], []}, {XPEngine.Bootstrap, :init, 3, [file: ~c"lib/engine/bootstrap.ex", line: 15]}]}}}
Start Call: XPExpert.Project.Node.start_link(%XPForge.Project{root_uri: "file:///Users/jef/dev/perfecting/joint", mix_exs_uri: "file:///Users/jef/dev/perfecting/joint/mix.exs", mix_project?: true, mix_env: nil, mix_target: nil, env_variables: %{}, project_module: nil, entropy: 44353})
Restart: :permanent
Shutdown: 5000
Type: :worker
18:06:26.515 [info] Engine initialized
18:08:24.520 [error] ################## Could not open file:///Users/jef/dev/perfecting/joint/lib/aliased_select.ex {:error, :already_open}
18:08:24.520 [error] Failed to handle textDocument/didOpen, {{:error, :already_open}, %XPExpert.State{configuration: %XPExpert.Configuration{project: %XPForge.Project{root_uri: "file:///Users/jef/dev/perfecting/joint", mix_exs_uri: "file:///Users/jef/dev/perfecting/joint/mix.exs", mix_project?: true, mix_env: nil, mix_target: nil, env_variables: %{}, project_module: nil, entropy: 44353}, support: %XPExpert.Configuration.Support{code_action_dynamic_registration: true, hierarchical_symbols: true, snippet: true, deprecated: false, tags: false, signature_help: %XPGenLSP.Structures.SignatureHelpClientCapabilities{context_support: nil, signature_information: %{documentation_format: ["markdown", "plaintext"], parameter_information: %{label_offset_support: true}, active_parameter_support: true}, dynamic_registration: true}, work_done_progress: true}, client_name: "Zed", additional_watched_extensions: nil, dialyzer_enabled?: false}, initialized?: true, engine_initialized?: true, shutdown_received?: false, in_flight_requests: %{}}}
18:08:24.520 [debug] handled notification client -> server textDocument/didOpen in 346µs
18:08:24.522 [error] ################## Could not open file:///Users/jef/dev/perfecting/joint/lib/web/table.ex {:error, :already_open}
18:08:24.522 [error] Failed to handle textDocument/didOpen, {{:error, :already_open}, %XPExpert.State{configuration: %XPExpert.Configuration{project: %XPForge.Project{root_uri: "file:///Users/jef/dev/perfecting/joint", mix_exs_uri: "file:///Users/jef/dev/perfecting/joint/mix.exs", mix_project?: true, mix_env: nil, mix_target: nil, env_variables: %{}, project_module: nil, entropy: 44353}, support: %XPExpert.Configuration.Support{code_action_dynamic_registration: true, hierarchical_symbols: true, snippet: true, deprecated: false, tags: false, signature_help: %XPGenLSP.Structures.SignatureHelpClientCapabilities{context_support: nil, signature_information: %{documentation_format: ["markdown", "plaintext"], parameter_information: %{label_offset_support: true}, active_parameter_support: true}, dynamic_registration: true}, work_done_progress: true}, client_name: "Zed", additional_watched_extensions: nil, dialyzer_enabled?: false}, initialized?: true, engine_initialized?: true, shutdown_received?: false, in_flight_requests: %{}}}
18:08:24.522 [debug] handled notification client -> server textDocument/didOpen in 485µs
18:08:24.522 [error] ################## Could not open file:///Users/jef/dev/perfecting/joint/priv/repo/migrations/20250712175551_add_order_tables.exs {:error, :already_open}
18:08:24.522 [error] ################## Could not open file:///Users/jef/dev/perfecting/joint/lib/query_builder.ex {:error, :already_open}
18:08:24.522 [error] Failed to handle textDocument/didOpen, {{:error, :already_open}, %XPExpert.State{configuration: %XPExpert.Configuration{project: %XPForge.Project{root_uri: "file:///Users/jef/dev/perfecting/joint", mix_exs_uri: "file:///Users/jef/dev/perfecting/joint/mix.exs", mix_project?: true, mix_env: nil, mix_target: nil, env_variables: %{}, project_module: nil, entropy: 44353}, support: %XPExpert.Configuration.Support{code_action_dynamic_registration: true, hierarchical_symbols: true, snippet: true, deprecated: false, tags: false, signature_help: %XPGenLSP.Structures.SignatureHelpClientCapabilities{context_support: nil, signature_information: %{documentation_format: ["markdown", "plaintext"], parameter_information: %{label_offset_support: true}, active_parameter_support: true}, dynamic_registration: true}, work_done_progress: true}, client_name: "Zed", additional_watched_extensions: nil, dialyzer_enabled?: false}, initialized?: true, engine_initialized?: true, shutdown_received?: false, in_flight_requests: %{}}}
18:08:24.522 [debug] handled notification client -> server textDocument/didOpen in 262µs
18:08:24.522 [error] Failed to handle textDocument/didOpen, {{:error, :already_open}, %XPExpert.State{configuration: %XPExpert.Configuration{project: %XPForge.Project{root_uri: "file:///Users/jef/dev/perfecting/joint", mix_exs_uri: "file:///Users/jef/dev/perfecting/joint/mix.exs", mix_project?: true, mix_env: nil, mix_target: nil, env_variables: %{}, project_module: nil, entropy: 44353}, support: %XPExpert.Configuration.Support{code_action_dynamic_registration: true, hierarchical_symbols: true, snippet: true, deprecated: false, tags: false, signature_help: %XPGenLSP.Structures.SignatureHelpClientCapabilities{context_support: nil, signature_information: %{documentation_format: ["markdown", "plaintext"], parameter_information: %{label_offset_support: true}, active_parameter_support: true}, dynamic_registration: true}, work_done_progress: true}, client_name: "Zed", additional_watched_extensions: nil, dialyzer_enabled?: false}, initialized?: true, engine_initialized?: true, shutdown_received?: false, in_flight_requests: %{}}}
18:08:24.522 [debug] handled notification client -> server textDocument/didOpen in 220µs
18:08:24.522 [error] ################## Could not open file:///Users/jef/dev/perfecting/joint/mix.exs {:error, :already_open}
18:08:24.522 [error] Failed to handle textDocument/didOpen, {{:error, :already_open}, %XPExpert.State{configuration: %XPExpert.Configuration{project: %XPForge.Project{root_uri: "file:///Users/jef/dev/perfecting/joint", mix_exs_uri: "file:///Users/jef/dev/perfecting/joint/mix.exs", mix_project?: true, mix_env: nil, mix_target: nil, env_variables: %{}, project_module: nil, entropy: 44353}, support: %XPExpert.Configuration.Support{code_action_dynamic_registration: true, hierarchical_symbols: true, snippet: true, deprecated: false, tags: false, signature_help: %XPGenLSP.Structures.SignatureHelpClientCapabilities{context_support: nil, signature_information: %{documentation_format: ["markdown", "plaintext"], parameter_information: %{label_offset_support: true}, active_parameter_support: true}, dynamic_registration: true}, work_done_progress: true}, client_name: "Zed", additional_watched_extensions: nil, dialyzer_enabled?: false}, initialized?: true, engine_initialized?: true, shutdown_received?: false, in_flight_requests: %{}}}
18:08:24.522 [debug] handled notification client -> server textDocument/didOpen in 282µs
18:08:24.524 [error] ################## Could not open file:///Users/jef/dev/perfecting/joint/lib/query_params.ex {:error, :already_open}
18:08:24.524 [error] Failed to handle textDocument/didOpen, {{:error, :already_open}, %XPExpert.State{configuration: %XPExpert.Configuration{project: %XPForge.Project{root_uri: "file:///Users/jef/dev/perfecting/joint", mix_exs_uri: "file:///Users/jef/dev/perfecting/joint/mix.exs", mix_project?: true, mix_env: nil, mix_target: nil, env_variables: %{}, project_module: nil, entropy: 44353}, support: %XPExpert.Configuration.Support{code_action_dynamic_registration: true, hierarchical_symbols: true, snippet: true, deprecated: false, tags: false, signature_help: %XPGenLSP.Structures.SignatureHelpClientCapabilities{context_support: nil, signature_information: %{documentation_format: ["markdown", "plaintext"], parameter_information: %{label_offset_support: true}, active_parameter_support: true}, dynamic_registration: true}, work_done_progress: true}, client_name: "Zed", additional_watched_extensions: nil, dialyzer_enabled?: false}, initialized?: true, engine_initialized?: true, shutdown_received?: false, in_flight_requests: %{}}}
18:08:24.524 [debug] handled notification client -> server textDocument/didOpen in 390µs
18:08:24.524 [error] ################## Could not open file:///Users/jef/dev/perfecting/joint/test/like_query_test.exs {:error, :already_open}
18:08:24.524 [error] Failed to handle textDocument/didOpen, {{:error, :already_open}, %XPExpert.State{configuration: %XPExpert.Configuration{project: %XPForge.Project{root_uri: "file:///Users/jef/dev/perfecting/joint", mix_exs_uri: "file:///Users/jef/dev/perfecting/joint/mix.exs", mix_project?: true, mix_env: nil, mix_target: nil, env_variables: %{}, project_module: nil, entropy: 44353}, support: %XPExpert.Configuration.Support{code_action_dynamic_registration: true, hierarchical_symbols: true, snippet: true, deprecated: false, tags: false, signature_help: %XPGenLSP.Structures.SignatureHelpClientCapabilities{context_support: nil, signature_information: %{documentation_format: ["markdown", "plaintext"], parameter_information: %{label_offset_support: true}, active_parameter_support: true}, dynamic_registration: true}, work_done_progress: true}, client_name: "Zed", additional_watched_extensions: nil, dialyzer_enabled?: false}, initialized?: true, engine_initialized?: true, shutdown_received?: false, in_flight_requests: %{}}}
18:08:24.524 [debug] handled notification client -> server textDocument/didOpen in 302µs
18:08:24.524 [error] ################## Could not open file:///Users/jef/dev/perfecting/joint/lib/web/formatters.ex {:error, :already_open}
18:08:24.524 [error] Failed to handle textDocument/didOpen, {{:error, :already_open}, %XPExpert.State{configuration: %XPExpert.Configuration{project: %XPForge.Project{root_uri: "file:///Users/jef/dev/perfecting/joint", mix_exs_uri: "file:///Users/jef/dev/perfecting/joint/mix.exs", mix_project?: true, mix_env: nil, mix_target: nil, env_variables: %{}, project_module: nil, entropy: 44353}, support: %XPExpert.Configuration.Support{code_action_dynamic_registration: true, hierarchical_symbols: true, snippet: true, deprecated: false, tags: false, signature_help: %XPGenLSP.Structures.SignatureHelpClientCapabilities{context_support: nil, signature_information: %{documentation_format: ["markdown", "plaintext"], parameter_information: %{label_offset_support: true}, active_parameter_support: true}, dynamic_registration: true}, work_done_progress: true}, client_name: "Zed", additional_watched_extensions: nil, dialyzer_enabled?: false}, initialized?: true, engine_initialized?: true, shutdown_received?: false, in_flight_requests: %{}}}
18:08:24.524 [debug] handled notification client -> server textDocument/didOpen in 233µs
18:08:24.525 [error] ################## Could not open file:///Users/jef/dev/perfecting/joint/lib/like_query.ex {:error, :already_open}
18:08:24.526 [error] Failed to handle textDocument/didOpen, {{:error, :already_open}, %XPExpert.State{configuration: %XPExpert.Configuration{project: %XPForge.Project{root_uri: "file:///Users/jef/dev/perfecting/joint", mix_exs_uri: "file:///Users/jef/dev/perfecting/joint/mix.exs", mix_project?: true, mix_env: nil, mix_target: nil, env_variables: %{}, project_module: nil, entropy: 44353}, support: %XPExpert.Configuration.Support{code_action_dynamic_registration: true, hierarchical_symbols: true, snippet: true, deprecated: false, tags: false, signature_help: %XPGenLSP.Structures.SignatureHelpClientCapabilities{context_support: nil, signature_information: %{documentation_format: ["markdown", "plaintext"], parameter_information: %{label_offset_support: true}, active_parameter_support: true}, dynamic_registration: true}, work_done_progress: true}, client_name: "Zed", additional_watched_extensions: nil, dialyzer_enabled?: false}, initialized?: true, engine_initialized?: true, shutdown_received?: false, in_flight_requests: %{}}}
18:08:24.526 [debug] handled notification client -> server textDocument/didOpen in 331µs
18:08:24.526 [error] ################## Could not open file:///Users/jef/dev/perfecting/joint/lib/association_graph_builder.ex {:error, :already_open}
18:08:24.526 [error] Failed to handle textDocument/didOpen, {{:error, :already_open}, %XPExpert.State{configuration: %XPExpert.Configuration{project: %XPForge.Project{root_uri: "file:///Users/jef/dev/perfecting/joint", mix_exs_uri: "file:///Users/jef/dev/perfecting/joint/mix.exs", mix_project?: true, mix_env: nil, mix_target: nil, env_variables: %{}, project_module: nil, entropy: 44353}, support: %XPExpert.Configuration.Support{code_action_dynamic_registration: true, hierarchical_symbols: true, snippet: true, deprecated: false, tags: false, signature_help: %XPGenLSP.Structures.SignatureHelpClientCapabilities{context_support: nil, signature_information: %{documentation_format: ["markdown", "plaintext"], parameter_information: %{label_offset_support: true}, active_parameter_support: true}, dynamic_registration: true}, work_done_progress: true}, client_name: "Zed", additional_watched_extensions: nil, dialyzer_enabled?: false}, initialized?: true, engine_initialized?: true, shutdown_received?: false, in_flight_requests: %{}}}
18:08:24.526 [debug] handled notification client -> server textDocument/didOpen in 242µs
18:08:24.527 [error] ################## Could not open file:///Users/jef/dev/perfecting/joint/lib/resource_query.ex {:error, :already_open}
18:08:24.527 [error] Failed to handle textDocument/didOpen, {{:error, :already_open}, %XPExpert.State{configuration: %XPExpert.Configuration{project: %XPForge.Project{root_uri: "file:///Users/jef/dev/perfecting/joint", mix_exs_uri: "file:///Users/jef/dev/perfecting/joint/mix.exs", mix_project?: true, mix_env: nil, mix_target: nil, env_variables: %{}, project_module: nil, entropy: 44353}, support: %XPExpert.Configuration.Support{code_action_dynamic_registration: true, hierarchical_symbols: true, snippet: true, deprecated: false, tags: false, signature_help: %XPGenLSP.Structures.SignatureHelpClientCapabilities{context_support: nil, signature_information: %{documentation_format: ["markdown", "plaintext"], parameter_information: %{label_offset_support: true}, active_parameter_support: true}, dynamic_registration: true}, work_done_progress: true}, client_name: "Zed", additional_watched_extensions: nil, dialyzer_enabled?: false}, initialized?: true, engine_initialized?: true, shutdown_received?: false, in_flight_requests: %{}}}
18:08:24.527 [debug] handled notification client -> server textDocument/didOpen in 262µs
18:08:24.528 [error] ################## Could not open file:///Users/jef/dev/perfecting/joint/lib/graph.ex {:error, :already_open}
18:08:24.528 [error] Failed to handle textDocument/didOpen, {{:error, :already_open}, %XPExpert.State{configuration: %XPExpert.Configuration{project: %XPForge.Project{root_uri: "file:///Users/jef/dev/perfecting/joint", mix_exs_uri: "file:///Users/jef/dev/perfecting/joint/mix.exs", mix_project?: true, mix_env: nil, mix_target: nil, env_variables: %{}, project_module: nil, entropy: 44353}, support: %XPExpert.Configuration.Support{code_action_dynamic_registration: true, hierarchical_symbols: true, snippet: true, deprecated: false, tags: false, signature_help: %XPGenLSP.Structures.SignatureHelpClientCapabilities{context_support: nil, signature_information: %{documentation_format: ["markdown", "plaintext"], parameter_information: %{label_offset_support: true}, active_parameter_support: true}, dynamic_registration: true}, work_done_progress: true}, client_name: "Zed", additional_watched_extensions: nil, dialyzer_enabled?: false}, initialized?: true, engine_initialized?: true, shutdown_received?: false, in_flight_requests: %{}}}
18:08:24.528 [debug] handled notification client -> server textDocument/didOpen in 325µs
18:08:24.528 [error] ################## Could not open file:///Users/jef/dev/perfecting/joint/lib/web/stable.ex {:error, :already_open}
18:08:24.528 [error] Failed to handle textDocument/didOpen, {{:error, :already_open}, %XPExpert.State{configuration: %XPExpert.Configuration{project: %XPForge.Project{root_uri: "file:///Users/jef/dev/perfecting/joint", mix_exs_uri: "file:///Users/jef/dev/perfecting/joint/mix.exs", mix_project?: true, mix_env: nil, mix_target: nil, env_variables: %{}, project_module: nil, entropy: 44353}, support: %XPExpert.Configuration.Support{code_action_dynamic_registration: true, hierarchical_symbols: true, snippet: true, deprecated: false, tags: false, signature_help: %XPGenLSP.Structures.SignatureHelpClientCapabilities{context_support: nil, signature_information: %{documentation_format: ["markdown", "plaintext"], parameter_information: %{label_offset_support: true}, active_parameter_support: true}, dynamic_registration: true}, work_done_progress: true}, client_name: "Zed", additional_watched_extensions: nil, dialyzer_enabled?: false}, initialized?: true, engine_initialized?: true, shutdown_received?: false, in_flight_requests: %{}}}
18:08:24.528 [debug] handled notification client -> server textDocument/didOpen in 265µs
18:08:24.530 [error] ################## Could not open file:///Users/jef/dev/perfecting/joint/deps/inflex/lib/inflex/pluralize.ex {:error, :already_open}
18:08:24.530 [error] Failed to handle textDocument/didOpen, {{:error, :already_open}, %XPExpert.State{configuration: %XPExpert.Configuration{project: %XPForge.Project{root_uri: "file:///Users/jef/dev/perfecting/joint", mix_exs_uri: "file:///Users/jef/dev/perfecting/joint/mix.exs", mix_project?: true, mix_env: nil, mix_target: nil, env_variables: %{}, project_module: nil, entropy: 44353}, support: %XPExpert.Configuration.Support{code_action_dynamic_registration: true, hierarchical_symbols: true, snippet: true, deprecated: false, tags: false, signature_help: %XPGenLSP.Structures.SignatureHelpClientCapabilities{context_support: nil, signature_information: %{documentation_format: ["markdown", "plaintext"], parameter_information: %{label_offset_support: true}, active_parameter_support: true}, dynamic_registration: true}, work_done_progress: true}, client_name: "Zed", additional_watched_extensions: nil, dialyzer_enabled?: false}, initialized?: true, engine_initialized?: true, shutdown_received?: false, in_flight_requests: %{}}}
18:08:24.530 [debug] handled notification client -> server textDocument/didOpen in 336µs
18:08:24.531 [error] ################## Could not open file:///Users/jef/dev/perfecting/joint/lib/web/table_component.ex {:error, :already_open}
18:08:24.531 [error] Failed to handle textDocument/didOpen, {{:error, :already_open}, %XPExpert.State{configuration: %XPExpert.Configuration{project: %XPForge.Project{root_uri: "file:///Users/jef/dev/perfecting/joint", mix_exs_uri: "file:///Users/jef/dev/perfecting/joint/mix.exs", mix_project?: true, mix_env: nil, mix_target: nil, env_variables: %{}, project_module: nil, entropy: 44353}, support: %XPExpert.Configuration.Support{code_action_dynamic_registration: true, hierarchical_symbols: true, snippet: true, deprecated: false, tags: false, signature_help: %XPGenLSP.Structures.SignatureHelpClientCapabilities{context_support: nil, signature_information: %{documentation_format: ["markdown", "plaintext"], parameter_information: %{label_offset_support: true}, active_parameter_support: true}, dynamic_registration: true}, work_done_progress: true}, client_name: "Zed", additional_watched_extensions: nil, dialyzer_enabled?: false}, initialized?: true, engine_initialized?: true, shutdown_received?: false, in_flight_requests: %{}}}
18:08:24.531 [debug] handled notification client -> server textDocument/didOpen in 330µs
18:08:24.833 [debug] handled notification client -> server workspace/didChangeConfiguration in 108µs
18:08:24.845 [debug] handled notification client -> server workspace/didChangeConfiguration in 110µs
18:08:24.850 [debug] handled notification client -> server workspace/didChangeConfiguration in 68µs
18:08:25.083 [info] Child of Supervisor :inet_gethost_native_sup started
Pid: #PID<0.236.0>
Start Call: :inet_gethost_native.init([])
18:08:25.083 [debug] Child :inet_gethost_native_sup of Supervisor :kernel_safe_sup started
Pid: #PID<0.235.0>
Start Call: :inet_gethost_native.start_link()
Restart: :temporary
Shutdown: 1000
Type: :worker
18:08:25.087 [error] ** (ErlangError) Erlang error: {:erpc, :noconnection}
    (kernel 10.2.7.1) erpc.erl:1376: :erpc.call/5
    (xp_expert 0.1.0-70f34f0) lib/expert/provider/handlers/code_action.ex:16: XPExpert.Provider.Handlers.CodeAction.handle/2
    (xp_expert 0.1.0-70f34f0) lib/expert.ex:94: XPExpert.handle_request/2
    (xp_gen_lsp 0.11.0) lib/gen_lsp.ex:372: anonymous fn/2 in XPGenLSP.loop/3
    (xp_telemetry 1.3.0) /home/runner/work/expert/expert/apps/expert/deps/telemetry/src/telemetry.erl:324: :xp_telemetry.span/3
    (xp_gen_lsp 0.11.0) lib/gen_lsp.ex:371: anonymous fn/5 in XPGenLSP.loop/3
    (xp_gen_lsp 0.11.0) lib/gen_lsp.ex:601: anonymous fn/4 in XPGenLSP.attempt/4
    (elixir 1.17.3) lib/task/supervised.ex:101: Task.Supervised.invoke_mfa/2

18:08:25.087 [debug] sent notification server -> client window/logMessage
18:08:25.087 [error] ** (ErlangError) Erlang error: {:erpc, :noconnection}
    (kernel 10.2.7.1) erpc.erl:1376: :erpc.call/5
    (xp_expert 0.1.0-70f34f0) lib/expert/provider/handlers/code_action.ex:16: XPExpert.Provider.Handlers.CodeAction.handle/2
    (xp_expert 0.1.0-70f34f0) lib/expert.ex:94: XPExpert.handle_request/2
    (xp_gen_lsp 0.11.0) lib/gen_lsp.ex:372: anonymous fn/2 in XPGenLSP.loop/3
    (xp_telemetry 1.3.0) /home/runner/work/expert/expert/apps/expert/deps/telemetry/src/telemetry.erl:324: :xp_telemetry.span/3
    (xp_gen_lsp 0.11.0) lib/gen_lsp.ex:371: anonymous fn/5 in XPGenLSP.loop/3
    (xp_gen_lsp 0.11.0) lib/gen_lsp.ex:601: anonymous fn/4 in XPGenLSP.attempt/4
    (elixir 1.17.3) lib/task/supervised.ex:101: Task.Supervised.invoke_mfa/2

18:08:25.087 [debug] sent notification server -> client window/logMessage
18:08:25.087 [error] ** (ErlangError) Erlang error: {:erpc, :noconnection}
    (kernel 10.2.7.1) erpc.erl:1376: :erpc.call/5
    (xp_expert 0.1.0-70f34f0) lib/expert/provider/handlers/code_action.ex:16: XPExpert.Provider.Handlers.CodeAction.handle/2
    (xp_expert 0.1.0-70f34f0) lib/expert.ex:94: XPExpert.handle_request/2
    (xp_gen_lsp 0.11.0) lib/gen_lsp.ex:372: anonymous fn/2 in XPGenLSP.loop/3
    (xp_telemetry 1.3.0) /home/runner/work/expert/expert/apps/expert/deps/telemetry/src/telemetry.erl:324: :xp_telemetry.span/3
    (xp_gen_lsp 0.11.0) lib/gen_lsp.ex:371: anonymous fn/5 in XPGenLSP.loop/3
    (xp_gen_lsp 0.11.0) lib/gen_lsp.ex:601: anonymous fn/4 in XPGenLSP.attempt/4
    (elixir 1.17.3) lib/task/supervised.ex:101: Task.Supervised.invoke_mfa/2

18:08:25.087 [debug] sent notification server -> client window/logMessage
18:08:25.087 [error] ** (ErlangError) Erlang error: {:erpc, :noconnection}
    (kernel 10.2.7.1) erpc.erl:1376: :erpc.call/5
    (xp_expert 0.1.0-70f34f0) lib/expert/provider/handlers/code_action.ex:16: XPExpert.Provider.Handlers.CodeAction.handle/2
    (xp_expert 0.1.0-70f34f0) lib/expert.ex:94: XPExpert.handle_request/2
    (xp_gen_lsp 0.11.0) lib/gen_lsp.ex:372: anonymous fn/2 in XPGenLSP.loop/3
    (xp_telemetry 1.3.0) /home/runner/work/expert/expert/apps/expert/deps/telemetry/src/telemetry.erl:324: :xp_telemetry.span/3
    (xp_gen_lsp 0.11.0) lib/gen_lsp.ex:371: anonymous fn/5 in XPGenLSP.loop/3
    (xp_gen_lsp 0.11.0) lib/gen_lsp.ex:601: anonymous fn/4 in XPGenLSP.attempt/4
    (elixir 1.17.3) lib/task/supervised.ex:101: Task.Supervised.invoke_mfa/2

18:08:25.087 [debug] sent notification server -> client window/logMessage
18:08:25.087 [error] ** (ErlangError) Erlang error: {:erpc, :noconnection}
    (kernel 10.2.7.1) erpc.erl:1376: :erpc.call/5
    (xp_expert 0.1.0-70f34f0) lib/expert/provider/handlers/code_action.ex:16: XPExpert.Provider.Handlers.CodeAction.handle/2
    (xp_expert 0.1.0-70f34f0) lib/expert.ex:94: XPExpert.handle_request/2
    (xp_gen_lsp 0.11.0) lib/gen_lsp.ex:372: anonymous fn/2 in XPGenLSP.loop/3
    (xp_telemetry 1.3.0) /home/runner/work/expert/expert/apps/expert/deps/telemetry/src/telemetry.erl:324: :xp_telemetry.span/3
    (xp_gen_lsp 0.11.0) lib/gen_lsp.ex:371: anonymous fn/5 in XPGenLSP.loop/3
    (xp_gen_lsp 0.11.0) lib/gen_lsp.ex:601: anonymous fn/4 in XPGenLSP.attempt/4
    (elixir 1.17.3) lib/task/supervised.ex:101: Task.Supervised.invoke_mfa/2

18:08:25.087 [error] ** (ErlangError) Erlang error: {:erpc, :noconnection}
    (kernel 10.2.7.1) erpc.erl:1376: :erpc.call/5
    (xp_expert 0.1.0-70f34f0) lib/expert/provider/handlers/code_action.ex:16: XPExpert.Provider.Handlers.CodeAction.handle/2
    (xp_expert 0.1.0-70f34f0) lib/expert.ex:94: XPExpert.handle_request/2
    (xp_gen_lsp 0.11.0) lib/gen_lsp.ex:372: anonymous fn/2 in XPGenLSP.loop/3
    (xp_telemetry 1.3.0) /home/runner/work/expert/expert/apps/expert/deps/telemetry/src/telemetry.erl:324: :xp_telemetry.span/3
    (xp_gen_lsp 0.11.0) lib/gen_lsp.ex:371: anonymous fn/5 in XPGenLSP.loop/3
    (xp_gen_lsp 0.11.0) lib/gen_lsp.ex:601: anonymous fn/4 in XPGenLSP.attempt/4
    (elixir 1.17.3) lib/task/supervised.ex:101: Task.Supervised.invoke_mfa/2

18:08:25.087 [debug] sent notification server -> client window/logMessage
18:08:25.087 [debug] sent notification server -> client window/logMessage
18:08:25.087 [error] ** (ErlangError) Erlang error: {:erpc, :noconnection}
    (kernel 10.2.7.1) erpc.erl:1376: :erpc.call/5
    (xp_expert 0.1.0-70f34f0) lib/expert/provider/handlers/code_action.ex:16: XPExpert.Provider.Handlers.CodeAction.handle/2
    (xp_expert 0.1.0-70f34f0) lib/expert.ex:94: XPExpert.handle_request/2
    (xp_gen_lsp 0.11.0) lib/gen_lsp.ex:372: anonymous fn/2 in XPGenLSP.loop/3
    (xp_telemetry 1.3.0) /home/runner/work/expert/expert/apps/expert/deps/telemetry/src/telemetry.erl:324: :xp_telemetry.span/3
    (xp_gen_lsp 0.11.0) lib/gen_lsp.ex:371: anonymous fn/5 in XPGenLSP.loop/3
    (xp_gen_lsp 0.11.0) lib/gen_lsp.ex:601: anonymous fn/4 in XPGenLSP.attempt/4
    (elixir 1.17.3) lib/task/supervised.ex:101: Task.Supervised.invoke_mfa/2

18:08:25.087 [error] ** (ErlangError) Erlang error: {:erpc, :noconnection}
    (kernel 10.2.7.1) erpc.erl:1376: :erpc.call/5
    (xp_expert 0.1.0-70f34f0) lib/expert/provider/handlers/code_action.ex:16: XPExpert.Provider.Handlers.CodeAction.handle/2
    (xp_expert 0.1.0-70f34f0) lib/expert.ex:94: XPExpert.handle_request/2
    (xp_gen_lsp 0.11.0) lib/gen_lsp.ex:372: anonymous fn/2 in XPGenLSP.loop/3
    (xp_telemetry 1.3.0) /home/runner/work/expert/expert/apps/expert/deps/telemetry/src/telemetry.erl:324: :xp_telemetry.span/3
    (xp_gen_lsp 0.11.0) lib/gen_lsp.ex:371: anonymous fn/5 in XPGenLSP.loop/3
    (xp_gen_lsp 0.11.0) lib/gen_lsp.ex:601: anonymous fn/4 in XPGenLSP.attempt/4
    (elixir 1.17.3) lib/task/supervised.ex:101: Task.Supervised.invoke_mfa/2

18:08:25.087 [debug] sent notification server -> client window/logMessage
18:08:25.087 [error] ** (ErlangError) Erlang error: {:erpc, :noconnection}
    (kernel 10.2.7.1) erpc.erl:1376: :erpc.call/5
    (xp_expert 0.1.0-70f34f0) lib/expert/provider/handlers/code_action.ex:16: XPExpert.Provider.Handlers.CodeAction.handle/2
    (xp_expert 0.1.0-70f34f0) lib/expert.ex:94: XPExpert.handle_request/2
    (xp_gen_lsp 0.11.0) lib/gen_lsp.ex:372: anonymous fn/2 in XPGenLSP.loop/3
    (xp_telemetry 1.3.0) /home/runner/work/expert/expert/apps/expert/deps/telemetry/src/telemetry.erl:324: :xp_telemetry.span/3
    (xp_gen_lsp 0.11.0) lib/gen_lsp.ex:371: anonymous fn/5 in XPGenLSP.loop/3
    (xp_gen_lsp 0.11.0) lib/gen_lsp.ex:601: anonymous fn/4 in XPGenLSP.attempt/4
    (elixir 1.17.3) lib/task/supervised.ex:101: Task.Supervised.invoke_mfa/2

18:08:25.087 [debug] sent notification server -> client window/logMessage
18:08:25.087 [debug] sent notification server -> client window/logMessage
18:08:25.087 [error] ** (ErlangError) Erlang error: {:erpc, :noconnection}
    (kernel 10.2.7.1) erpc.erl:1376: :erpc.call/5
    (xp_expert 0.1.0-70f34f0) lib/expert/provider/handlers/code_action.ex:16: XPExpert.Provider.Handlers.CodeAction.handle/2
    (xp_expert 0.1.0-70f34f0) lib/expert.ex:94: XPExpert.handle_request/2
    (xp_gen_lsp 0.11.0) lib/gen_lsp.ex:372: anonymous fn/2 in XPGenLSP.loop/3
    (xp_telemetry 1.3.0) /home/runner/work/expert/expert/apps/expert/deps/telemetry/src/telemetry.erl:324: :xp_telemetry.span/3
    (xp_gen_lsp 0.11.0) lib/gen_lsp.ex:371: anonymous fn/5 in XPGenLSP.loop/3
    (xp_gen_lsp 0.11.0) lib/gen_lsp.ex:601: anonymous fn/4 in XPGenLSP.attempt/4
    (elixir 1.17.3) lib/task/supervised.ex:101: Task.Supervised.invoke_mfa/2

18:08:25.087 [error] ** (ErlangError) Erlang error: {:erpc, :noconnection}
    (kernel 10.2.7.1) erpc.erl:1376: :erpc.call/5
    (xp_expert 0.1.0-70f34f0) lib/expert/provider/handlers/code_action.ex:16: XPExpert.Provider.Handlers.CodeAction.handle/2
    (xp_expert 0.1.0-70f34f0) lib/expert.ex:94: XPExpert.handle_request/2
    (xp_gen_lsp 0.11.0) lib/gen_lsp.ex:372: anonymous fn/2 in XPGenLSP.loop/3
    (xp_telemetry 1.3.0) /home/runner/work/expert/expert/apps/expert/deps/telemetry/src/telemetry.erl:324: :xp_telemetry.span/3
    (xp_gen_lsp 0.11.0) lib/gen_lsp.ex:371: anonymous fn/5 in XPGenLSP.loop/3
    (xp_gen_lsp 0.11.0) lib/gen_lsp.ex:601: anonymous fn/4 in XPGenLSP.attempt/4
    (elixir 1.17.3) lib/task/supervised.ex:101: Task.Supervised.invoke_mfa/2

18:08:25.087 [error] ** (ErlangError) Erlang error: {:erpc, :noconnection}
    (kernel 10.2.7.1) erpc.erl:1376: :erpc.call/5
    (xp_expert 0.1.0-70f34f0) lib/expert/provider/handlers/code_action.ex:16: XPExpert.Provider.Handlers.CodeAction.handle/2
    (xp_expert 0.1.0-70f34f0) lib/expert.ex:94: XPExpert.handle_request/2
    (xp_gen_lsp 0.11.0) lib/gen_lsp.ex:372: anonymous fn/2 in XPGenLSP.loop/3
    (xp_telemetry 1.3.0) /home/runner/work/expert/expert/apps/expert/deps/telemetry/src/telemetry.erl:324: :xp_telemetry.span/3
    (xp_gen_lsp 0.11.0) lib/gen_lsp.ex:371: anonymous fn/5 in XPGenLSP.loop/3
    (xp_gen_lsp 0.11.0) lib/gen_lsp.ex:601: anonymous fn/4 in XPGenLSP.attempt/4
    (elixir 1.17.3) lib/task/supervised.ex:101: Task.Supervised.invoke_mfa/2

18:08:25.087 [error] ** (ErlangError) Erlang error: {:erpc, :noconnection}
    (kernel 10.2.7.1) erpc.erl:1376: :erpc.call/5
    (xp_expert 0.1.0-70f34f0) lib/expert/provider/handlers/code_action.ex:16: XPExpert.Provider.Handlers.CodeAction.handle/2
    (xp_expert 0.1.0-70f34f0) lib/expert.ex:94: XPExpert.handle_request/2
    (xp_gen_lsp 0.11.0) lib/gen_lsp.ex:372: anonymous fn/2 in XPGenLSP.loop/3
    (xp_telemetry 1.3.0) /home/runner/work/expert/expert/apps/expert/deps/telemetry/src/telemetry.erl:324: :xp_telemetry.span/3
    (xp_gen_lsp 0.11.0) lib/gen_lsp.ex:371: anonymous fn/5 in XPGenLSP.loop/3
    (xp_gen_lsp 0.11.0) lib/gen_lsp.ex:601: anonymous fn/4 in XPGenLSP.attempt/4
    (elixir 1.17.3) lib/task/supervised.ex:101: Task.Supervised.invoke_mfa/2

18:08:25.087 [debug] sent notification server -> client window/logMessage
18:08:25.087 [error] ** (ErlangError) Erlang error: {:erpc, :noconnection}
    (kernel 10.2.7.1) erpc.erl:1376: :erpc.call/5
    (xp_expert 0.1.0-70f34f0) lib/expert/provider/handlers/code_action.ex:16: XPExpert.Provider.Handlers.CodeAction.handle/2
    (xp_expert 0.1.0-70f34f0) lib/expert.ex:94: XPExpert.handle_request/2
    (xp_gen_lsp 0.11.0) lib/gen_lsp.ex:372: anonymous fn/2 in XPGenLSP.loop/3
    (xp_telemetry 1.3.0) /home/runner/work/expert/expert/apps/expert/deps/telemetry/src/telemetry.erl:324: :xp_telemetry.span/3
    (xp_gen_lsp 0.11.0) lib/gen_lsp.ex:371: anonymous fn/5 in XPGenLSP.loop/3
    (xp_gen_lsp 0.11.0) lib/gen_lsp.ex:601: anonymous fn/4 in XPGenLSP.attempt/4
    (elixir 1.17.3) lib/task/supervised.ex:101: Task.Supervised.invoke_mfa/2

18:08:25.087 [error] ** (ErlangError) Erlang error: {:erpc, :noconnection}
    (kernel 10.2.7.1) erpc.erl:1376: :erpc.call/5
    (xp_expert 0.1.0-70f34f0) lib/expert/provider/handlers/code_action.ex:16: XPExpert.Provider.Handlers.CodeAction.handle/2
    (xp_expert 0.1.0-70f34f0) lib/expert.ex:94: XPExpert.handle_request/2
    (xp_gen_lsp 0.11.0) lib/gen_lsp.ex:372: anonymous fn/2 in XPGenLSP.loop/3
    (xp_telemetry 1.3.0) /home/runner/work/expert/expert/apps/expert/deps/telemetry/src/telemetry.erl:324: :xp_telemetry.span/3
    (xp_gen_lsp 0.11.0) lib/gen_lsp.ex:371: anonymous fn/5 in XPGenLSP.loop/3
    (xp_gen_lsp 0.11.0) lib/gen_lsp.ex:601: anonymous fn/4 in XPGenLSP.attempt/4
    (elixir 1.17.3) lib/task/supervised.ex:101: Task.Supervised.invoke_mfa/2

18:08:25.089 [debug] sent notification server -> client window/logMessage
18:08:25.089 [debug] sent notification server -> client window/logMessage
18:08:25.089 [debug] sent notification server -> client window/logMessage
18:08:25.089 [debug] sent notification server -> client window/logMessage
18:08:25.089 [debug] sent notification server -> client window/logMessage
18:21:01.361 [error] ** (ErlangError) Erlang error: {:erpc, :noconnection}
    (kernel 10.2.7.1) erpc.erl:1376: :erpc.call/5
    (xp_expert 0.1.0-70f34f0) lib/expert/provider/handlers/code_action.ex:16: XPExpert.Provider.Handlers.CodeAction.handle/2
    (xp_expert 0.1.0-70f34f0) lib/expert.ex:94: XPExpert.handle_request/2
    (xp_gen_lsp 0.11.0) lib/gen_lsp.ex:372: anonymous fn/2 in XPGenLSP.loop/3
    (xp_telemetry 1.3.0) /home/runner/work/expert/expert/apps/expert/deps/telemetry/src/telemetry.erl:324: :xp_telemetry.span/3
    (xp_gen_lsp 0.11.0) lib/gen_lsp.ex:371: anonymous fn/5 in XPGenLSP.loop/3
    (xp_gen_lsp 0.11.0) lib/gen_lsp.ex:601: anonymous fn/4 in XPGenLSP.attempt/4
    (elixir 1.17.3) lib/task/supervised.ex:101: Task.Supervised.invoke_mfa/2

18:21:01.361 [debug] sent notification server -> client window/logMessage
20:56:49.780 [debug] sent notification server -> client window/logMessage
20:56:49.781 [info] Shutting down
20:56:49.782 [error] ** (XPGenLSP.InvalidResponse) Invalid response for request shutdown.

Response: {:ok, nil}
Errors: "expected either null or a %XPGenLSP.ErrorResponse{}"

20:56:49.782 [debug] handled request client -> server shutdown in 8ms
10:13:01.943 [debug] Child {XPLoggerFileBackend, :general_log} of Supervisor Logger.Backends.Supervisor started
Pid: #PID<0.102.0>
Start Call: Logger.Backends.Watcher.start_link({{XPLoggerFileBackend, :general_log}, {XPLoggerFileBackend, :general_log}})
Restart: :transient
Shutdown: 5000
Type: :worker
10:13:01.943 [info] Child Logger.Backends.Supervisor of Supervisor Logger.Backends.Internal started
Pid: #PID<0.101.0>
Start Call: Logger.Backends.Supervisor.start_link([{XPLoggerFileBackend, :general_log}])
Restart: :permanent
Shutdown: :infinity
Type: :supervisor
10:13:01.943 [info] Child Logger.Backends.Internal of Supervisor Logger.Supervisor started
Pid: #PID<0.97.0>
Start Call: Logger.Backends.Internal.start_link([])
Restart: :permanent
Shutdown: :infinity
Type: :supervisor
10:13:01.943 [info] Application logger started at :nonode@nohost
10:13:01.943 [info] Application xp_mime started at :nonode@nohost
10:13:01.943 [info] Application xp_hpax started at :nonode@nohost
10:13:01.943 [info] Application crypto started at :nonode@nohost
10:13:01.943 [info] Application asn1 started at :nonode@nohost
10:13:01.943 [info] Application public_key started at :nonode@nohost
10:13:01.945 [debug] Child :ssl_handler of Supervisor :logger_sup started
Pid: #PID<0.107.0>
Start Call: :logger_olp.start_link(:logger_std_h_ssl_handler, :logger_h_common, %{id: :ssl_handler, module: :logger_std_h, config: %{type: :standard_io, filesync_repeat_interval: :no_repeat}, level: :debug, filters: [], formatter: {:ssl_logger, %{}}, filter_default: :stop}, %{})
Restart: :temporary
Shutdown: 2000
Type: :worker
10:13:01.949 [info] Child :ssl_pem_cache of Supervisor :ssl_admin_sup started
Pid: #PID<0.111.0>
Start Call: :ssl_pem_cache.start_link([])
Restart: :permanent
Shutdown: 4000
Type: :worker
10:13:01.951 [info] Child :ssl_manager of Supervisor :ssl_admin_sup started
Pid: #PID<0.112.0>
Start Call: :ssl_manager.start_link([])
Restart: :permanent
Shutdown: 4000
Type: :worker
10:13:01.952 [info] Child :tls_client_ticket_store of Supervisor :ssl_admin_sup started
Pid: #PID<0.113.0>
Start Call: :tls_client_ticket_store.start_link(1000, 7200)
Restart: :permanent
Shutdown: 4000
Type: :worker
10:13:01.952 [info] Child :ssl_admin_sup of Supervisor :ssl_sup started
Pid: #PID<0.110.0>
Start Call: :ssl_admin_sup.start_link()
Restart: :permanent
Shutdown: 4000
Type: :supervisor
10:13:01.954 [info] Child :tls_connection_sup of Supervisor :tls_sup started
Pid: #PID<0.116.0>
Start Call: :tls_connection_sup.start_link()
Restart: :permanent
Shutdown: 4000
Type: :supervisor
10:13:01.955 [info] Child :ssl_listen_tracker_sup of Supervisor :tls_server_sup started
Pid: #PID<0.118.0>
Start Call: :ssl_listen_tracker_sup.start_link()
Restart: :permanent
Shutdown: 4000
Type: :supervisor
10:13:01.956 [info] Child :tls_server_session_ticket of Supervisor :tls_server_sup started
Pid: #PID<0.119.0>
Start Call: :tls_server_session_ticket_sup.start_link()
Restart: :permanent
Shutdown: 4000
Type: :supervisor
10:13:01.956 [info] Child :ssl_server_session_cache_sup of Supervisor :tls_server_sup started
Pid: #PID<0.120.0>
Start Call: :ssl_server_session_cache_sup.start_link()
Restart: :permanent
Shutdown: 4000
Type: :supervisor
10:13:01.957 [info] Child :ssl_upgrade_server_session_cache_sup of Supervisor :tls_server_sup started
Pid: #PID<0.121.0>
Start Call: :ssl_upgrade_server_session_cache_sup.start_link()
Restart: :permanent
Shutdown: 4000
Type: :supervisor
10:13:01.957 [info] Child :tls_server_sup of Supervisor :tls_sup started
Pid: #PID<0.117.0>
Start Call: :tls_server_sup.start_link()
Restart: :permanent
Shutdown: 4000
Type: :supervisor
10:13:01.957 [info] Child :tls_sup of Supervisor :ssl_connection_sup started
Pid: #PID<0.115.0>
Start Call: :tls_sup.start_link()
Restart: :permanent
Shutdown: 4000
Type: :supervisor
10:13:01.958 [info] Child :dtls_connection_sup of Supervisor :dtls_sup started
Pid: #PID<0.123.0>
Start Call: :dtls_connection_sup.start_link()
Restart: :permanent
Shutdown: 4000
Type: :supervisor
10:13:01.959 [info] Child :dtls_listener_sup of Supervisor :dtls_server_sup started
Pid: #PID<0.125.0>
Start Call: :dtls_listener_sup.start_link()
Restart: :permanent
Shutdown: 4000
Type: :supervisor
10:13:01.960 [info] Child :dtls_server_session_cache_sup of Supervisor :dtls_server_sup started
Pid: #PID<0.126.0>
Start Call: :dtls_server_session_cache_sup.start_link()
Restart: :permanent
Shutdown: 4000
Type: :supervisor
10:13:01.960 [info] Child :dtls_server_sup of Supervisor :dtls_sup started
Pid: #PID<0.124.0>
Start Call: :dtls_server_sup.start_link()
Restart: :permanent
Shutdown: 4000
Type: :supervisor
10:13:01.960 [info] Child :dtls_sup of Supervisor :ssl_connection_sup started
Pid: #PID<0.122.0>
Start Call: :dtls_sup.start_link()
Restart: :permanent
Shutdown: 4000
Type: :supervisor
10:13:01.960 [info] Child :ssl_connection_sup of Supervisor :ssl_sup started
Pid: #PID<0.114.0>
Start Call: :ssl_connection_sup.start_link()
Restart: :permanent
Shutdown: 4000
Type: :supervisor
10:13:01.960 [info] Application ssl started at :nonode@nohost
10:13:01.961 [info] Application xp_mint started at :nonode@nohost
10:13:01.961 [info] Application xp_nimble_options started at :nonode@nohost
10:13:01.963 [info] Child XPNimblePool.TaskSupervisor of Supervisor #PID<0.132.0> (Supervisor.Default) started
Pid: #PID<0.133.0>
Start Call: Task.Supervisor.start_link([name: XPNimblePool.TaskSupervisor])
Restart: :permanent
Shutdown: :infinity
Type: :supervisor
10:13:01.963 [info] Application xp_nimble_pool started at :nonode@nohost
10:13:01.965 [info] Child :telemetry_handler_table of Supervisor :telemetry_sup started
Pid: #PID<0.137.0>
Start Call: :telemetry_handler_table.start_link()
Restart: :permanent
Shutdown: 5000
Type: :worker
10:13:01.965 [info] Application xp_telemetry started at :nonode@nohost
10:13:01.965 [info] Application xp_finch started at :nonode@nohost
10:13:01.981 [info] Child XPReq.Finch.PIDPartition0 of Supervisor XPReq.Finch started
Pid: #PID<0.143.0>
Start Call: Registry.Partition.start_link(XPReq.Finch.PIDPartition0, {:duplicate, XPReq.Finch, 0, 1, XPReq.Finch.KeyPartition0, XPReq.Finch.PIDPartition0, [], false})
Restart: :permanent
Shutdown: 5000
Type: :worker
10:13:01.981 [info] Child XPReq.Finch of Supervisor XPReq.Finch.Supervisor started
Pid: #PID<0.142.0>
Start Call: Registry.start_link([keys: :duplicate, name: XPReq.Finch, meta: [config: %{pools: %{}, registry_name: XPReq.Finch, supervisor_name: XPReq.Finch.PoolSupervisor, manager_name: XPReq.Finch.PoolManager, default_pool_config: %{count: 1, size: 50, mod: XPFinch.HTTP1.Pool, conn_opts: [protocols: [:http1], transport_opts: [keepalive: true, nodelay: true, timeout: 5000], ssl_key_log_file_device: nil], pool_max_idle_time: :infinity, conn_max_idle_time: :infinity, start_pool_metrics?: false}}]])
Restart: :permanent
Shutdown: :infinity
Type: :supervisor
10:13:01.981 [info] Child XPReq.Finch.PoolSupervisor of Supervisor XPReq.Finch.Supervisor started
Pid: #PID<0.144.0>
Start Call: DynamicSupervisor.start_link([name: XPReq.Finch.PoolSupervisor, strategy: :one_for_one])
Restart: :permanent
Shutdown: :infinity
Type: :supervisor
10:13:01.981 [info] Child XPFinch.PoolManager of Supervisor XPReq.Finch.Supervisor started
Pid: #PID<0.145.0>
Start Call: XPFinch.PoolManager.start_link(%{pools: %{}, registry_name: XPReq.Finch, supervisor_name: XPReq.Finch.PoolSupervisor, manager_name: XPReq.Finch.PoolManager, default_pool_config: %{count: 1, size: 50, mod: XPFinch.HTTP1.Pool, conn_opts: [protocols: [:http1], transport_opts: [keepalive: true, nodelay: true, timeout: 5000], ssl_key_log_file_device: nil], pool_max_idle_time: :infinity, conn_max_idle_time: :infinity, start_pool_metrics?: false}})
Restart: :permanent
Shutdown: 5000
Type: :worker
10:13:01.981 [info] Child XPReq.Finch of Supervisor #PID<0.140.0> (Supervisor.Default) started
Pid: #PID<0.141.0>
Start Call: XPFinch.start_link([name: XPReq.Finch, pools: %{default: [protocols: [:http1]]}])
Restart: :permanent
Shutdown: 5000
Type: :worker
10:13:01.981 [info] Child XPReq.FinchSupervisor of Supervisor #PID<0.140.0> (Supervisor.Default) started
Pid: #PID<0.146.0>
Start Call: DynamicSupervisor.start_link([strategy: :one_for_one, name: XPReq.FinchSupervisor])
Restart: :permanent
Shutdown: :infinity
Type: :supervisor
10:13:01.981 [info] Child XPReq.Test.Ownership of Supervisor #PID<0.140.0> (Supervisor.Default) started
Pid: #PID<0.147.0>
Start Call: XPReq.Test.Ownership.start_link([name: XPReq.Test.Ownership])
Restart: :permanent
Shutdown: 5000
Type: :worker
10:13:01.981 [info] Application xp_req started at :nonode@nohost
10:13:01.981 [info] Application burrito started at :nonode@nohost
10:13:01.981 [info] Application erts started at :nonode@nohost
10:13:01.981 [info] Application xp_schematic started at :nonode@nohost
10:13:01.981 [info] Application xp_typed_struct started at :nonode@nohost
10:13:01.981 [info] Application xp_gen_lsp started at :nonode@nohost
10:13:01.989 [info] Child XPSnowflake.Generator of Supervisor #PID<0.150.0> (Supervisor.Default) started
Pid: #PID<0.151.0>
Start Call: XPSnowflake.Generator.start_link(0, 1023)
Restart: :permanent
Shutdown: 5000
Type: :worker
10:13:01.989 [info] Application xp_snowflake started at :nonode@nohost
10:13:01.989 [info] Application xp_sourceror started at :nonode@nohost
10:13:01.989 [info] Application xp_forge started at :nonode@nohost
10:13:01.989 [info] Application xp_logger_file_backend started at :nonode@nohost
10:13:01.993 [info] Child :ttb_autostart of Supervisor :runtime_tools_sup started
Pid: #PID<0.155.0>
Start Call: :ttb_autostart.start_link()
Restart: :temporary
Shutdown: 3000
Type: :worker
10:13:01.993 [info] Application runtime_tools started at :nonode@nohost
10:13:01.993 [info] Application et started at :nonode@nohost
10:13:01.993 [info] Application observer started at :nonode@nohost
10:13:01.993 [info] Application xp_path_glob started at :nonode@nohost
10:13:02.000 [info] Child XPForge.Document.Store of Supervisor XPExpert.Supervisor started
Pid: #PID<0.159.0>
Start Call: XPForge.Document.Store.start_link([derive: [analysis: &XPForge.Ast.analyze/1]])
Restart: :permanent
Shutdown: 5000
Type: :worker
10:13:02.001 [info] Child XPExpert.ProjectSupervisor of Supervisor XPExpert.Supervisor started
Pid: #PID<0.160.0>
Start Call: DynamicSupervisor.start_link([name: XPExpert.ProjectSupervisor, strategy: :one_for_one])
Restart: :permanent
Shutdown: :infinity
Type: :supervisor
10:13:02.001 [info] Child XPExpert.DynamicSupervisor of Supervisor XPExpert.Supervisor started
Pid: #PID<0.161.0>
Start Call: DynamicSupervisor.start_link([name: XPExpert.DynamicSupervisor])
Restart: :permanent
Shutdown: :infinity
Type: :supervisor
10:13:02.003 [info] Child XPGenLSP.Assigns of Supervisor XPExpert.Supervisor started
Pid: #PID<0.162.0>
Start Call: XPGenLSP.Assigns.start_link([name: XPExpert.Assigns])
Restart: :permanent
Shutdown: 5000
Type: :worker
10:13:02.003 [info] Child :expert_task_queue of Supervisor XPExpert.Supervisor started
Pid: #PID<0.163.0>
Start Call: Task.Supervisor.start_link([name: :expert_task_queue])
Restart: :permanent
Shutdown: :infinity
Type: :supervisor
10:13:02.004 [info] Child XPGenLSP.Buffer of Supervisor XPExpert.Supervisor started
Pid: #PID<0.164.0>
Start Call: XPGenLSP.Buffer.start_link([name: XPExpert.Buffer])
Restart: :permanent
Shutdown: 5000
Type: :worker
10:13:02.004 [debug] [name: XPExpert, buffer: XPExpert.Buffer, task_supervisor: :expert_task_queue, dynamic_supervisor: XPExpert.DynamicSupervisor, assigns: XPExpert.Assigns]
10:13:02.008 [info] Child XPExpert of Supervisor XPExpert.Supervisor started
Pid: #PID<0.165.0>
Start Call: XPExpert.start_link([name: XPExpert, buffer: XPExpert.Buffer, task_supervisor: :expert_task_queue, dynamic_supervisor: XPExpert.DynamicSupervisor, assigns: XPExpert.Assigns])
Restart: :permanent
Shutdown: 500
Type: :worker
10:13:02.008 [info] Application xp_expert started at :nonode@nohost
10:13:02.081 [info] Starting project at uri file:///Users/jef/dev/perfecting/joint
10:13:02.092 [info] Child {XPExpert.Project.Progress, "joint"} of Supervisor :"joint::supervisor" started
Pid: #PID<0.170.0>
Start Call: XPExpert.Project.Progress.start_link(%XPForge.Project{root_uri: "file:///Users/jef/dev/perfecting/joint", mix_exs_uri: "file:///Users/jef/dev/perfecting/joint/mix.exs", mix_project?: true, mix_env: nil, mix_target: nil, env_variables: %{}, project_module: nil, entropy: 18112})
Restart: :permanent
Shutdown: 5000
Type: :worker
10:13:02.093 [info] Child {XPExpert.EngineSupervisor, "joint"} of Supervisor :"joint::supervisor" started
Pid: #PID<0.171.0>
Start Call: XPExpert.EngineSupervisor.start_link(%XPForge.Project{root_uri: "file:///Users/jef/dev/perfecting/joint", mix_exs_uri: "file:///Users/jef/dev/perfecting/joint/mix.exs", mix_project?: true, mix_env: nil, mix_target: nil, env_variables: %{}, project_module: nil, entropy: 18112})
Restart: :permanent
Shutdown: 5000
Type: :worker
10:13:02.097 [debug] sent request server -> client window/workDoneProgress/create
10:13:02.105 [debug] sent notification server -> client $/progress
10:13:02.106 [info] Child :erl_epmd of Supervisor :net_sup started
Pid: #PID<0.174.0>
Start Call: :erl_epmd.start_link()
Restart: :permanent
Shutdown: 2000
Type: :worker
10:13:02.107 [info] Child :auth of Supervisor :net_sup started
Pid: #PID<0.175.0>
Start Call: :auth.start_link()
Restart: :permanent
Shutdown: 2000
Type: :worker
10:13:02.110 [info] Child :net_kernel of Supervisor :net_sup started
Pid: #PID<0.176.0>
Start Call: :net_kernel.start_link(%{name: :"manager-joint-18112@127.0.0.1", supervisor: :net_sup_dynamic, name_domain: :longnames, clean_halt: false})
Restart: :permanent
Shutdown: 2000
Type: :worker
10:13:02.110 [debug] Child :net_sup_dynamic of Supervisor :kernel_sup started
Pid: #PID<0.173.0>
Start Call: :erl_distribution.start_link(%{name: :"manager-joint-18112@127.0.0.1", supervisor: :net_sup_dynamic, name_domain: :longnames, clean_halt: false})
Restart: :permanent
Shutdown: 1000
Type: :supervisor
10:13:02.151 [debug] handled request client -> server initialize in 135ms
10:13:02.156 [debug] sent request server -> client client/registerCapability
10:13:02.164 [debug] handled notification client -> server workspace/didChangeConfiguration in 11ms
10:13:02.167 [info] ################### opened file:///Users/jef/dev/perfecting/joint/lib/query_params.ex
10:13:02.167 [debug] handled notification client -> server textDocument/didOpen in 13ms
10:13:02.167 [info] ################### opened file:///Users/jef/dev/perfecting/joint/deps/inflex/lib/inflex/pluralize.ex
10:13:02.167 [debug] handled notification client -> server textDocument/didOpen in 10ms
10:13:02.168 [info] ################### opened file:///Users/jef/dev/perfecting/joint/lib/web/stable.ex
10:13:02.168 [debug] handled notification client -> server textDocument/didOpen in 13ms
10:13:02.168 [info] ################### opened file:///Users/jef/dev/perfecting/joint/lib/resource_query.ex
10:13:02.168 [debug] handled notification client -> server textDocument/didOpen in 7ms
10:13:02.168 [info] ################### opened file:///Users/jef/dev/perfecting/joint/lib/web/table_component.ex
10:13:02.168 [info] ################### opened file:///Users/jef/dev/perfecting/joint/test/like_query_test.exs
10:13:02.168 [info] ################### opened file:///Users/jef/dev/perfecting/joint/mix.exs
10:13:02.168 [debug] handled notification client -> server textDocument/didOpen in 8ms
10:13:02.168 [info] ################### opened file:///Users/jef/dev/perfecting/joint/lib/association_graph_builder.ex
10:13:02.168 [debug] handled notification client -> server textDocument/didOpen in 9ms
10:13:02.168 [debug] handled notification client -> server textDocument/didOpen in 12ms
10:13:02.168 [debug] handled notification client -> server textDocument/didOpen in 10ms
10:13:02.168 [info] ################### opened file:///Users/jef/dev/perfecting/joint/lib/graph.ex
10:13:02.168 [debug] handled notification client -> server textDocument/didOpen in 15ms
10:13:02.168 [info] ################### opened file:///Users/jef/dev/perfecting/joint/lib/aliased_select.ex
10:13:02.168 [debug] handled notification client -> server textDocument/didOpen in 7ms
10:13:02.168 [info] ################### opened file:///Users/jef/dev/perfecting/joint/priv/repo/migrations/20250712175551_add_order_tables.exs
10:13:02.168 [info] ################### opened file:///Users/jef/dev/perfecting/joint/lib/web/formatters.ex
10:13:02.168 [info] ################### opened file:///Users/jef/dev/perfecting/joint/lib/web/table.ex
10:13:02.168 [info] ################### opened file:///Users/jef/dev/perfecting/joint/lib/like_query.ex
10:13:02.168 [info] ################### opened file:///Users/jef/dev/perfecting/joint/lib/query_builder.ex
10:13:02.171 [debug] handled notification client -> server initialized in 19ms
10:13:02.173 [debug] handled notification client -> server textDocument/didOpen in 19ms
10:13:02.174 [debug] handled notification client -> server textDocument/didOpen in 20ms
10:13:02.174 [debug] handled notification client -> server textDocument/didOpen in 20ms
10:13:02.174 [debug] handled notification client -> server textDocument/didOpen in 19ms
10:13:02.174 [debug] handled notification client -> server textDocument/didOpen in 17ms
10:13:02.278 [debug] sent notification server -> client window/logMessage
10:13:02.279 [debug] sent request server -> client window/workDoneProgress/create
10:13:02.280 [debug] sent notification server -> client $/progress
